2022-02-22 22:38:45.716 [main] INFO  by.mishastoma.customarray.service.CustomArrayServiceImpl - Sum of elements: {0}
2022-02-22 22:38:45.719 [main] INFO  by.mishastoma.customarray.service.CustomArrayServiceImpl - Average: {0}
2022-02-22 22:39:49.340 [main] INFO  by.mishastoma.customarray.service.CustomArraySortImpl - Bubble sort finished. Sorted array is: {0}
2022-02-22 22:39:49.341 [main] INFO  by.mishastoma.customarray.service.CustomArrayServiceImpl - Sum of elements: {0}
2022-02-22 22:39:49.343 [main] INFO  by.mishastoma.customarray.service.CustomArrayServiceImpl - Average: {0}
2022-02-22 22:43:26.539 [main] INFO  by.mishastoma.customarray.service.CustomArraySortImpl - Bubble sort finished. Sorted array is: {0}
2022-02-22 22:43:26.542 [main] INFO  by.mishastoma.customarray.service.CustomArrayServiceImpl - Sum of elements: 46
2022-02-22 22:43:50.129 [main] INFO  by.mishastoma.customarray.service.CustomArraySortImpl - Bubble sort finished. Sorted array is: {0}
2022-02-22 22:43:50.133 [main] INFO  by.mishastoma.customarray.service.CustomArrayServiceImpl - Sum of elements: 46
2022-02-22 22:43:50.137 [main] INFO  by.mishastoma.customarray.service.CustomArrayServiceImpl - Average: 4,600000
2022-02-22 22:45:55.636 [main] INFO  by.mishastoma.customarray.service.CustomArraySortImpl - Bubble sort finished. Sorted array is: [I@25fb8912
2022-02-22 22:45:55.638 [main] INFO  by.mishastoma.customarray.service.CustomArrayServiceImpl - Sum of elements: 46
2022-02-22 22:45:55.641 [main] INFO  by.mishastoma.customarray.service.CustomArrayServiceImpl - Average: 4,600000
2022-02-22 22:47:18.037 [main] INFO  by.mishastoma.customarray.service.CustomArraySortImpl - Bubble sort finished. Sorted array is:[I@7c24b813
2022-02-22 22:47:18.039 [main] INFO  by.mishastoma.customarray.service.CustomArrayServiceImpl - Sum of elements: 46
2022-02-22 22:47:18.041 [main] INFO  by.mishastoma.customarray.service.CustomArrayServiceImpl - Average: 4,600000
2022-02-22 22:47:49.137 [main] INFO  by.mishastoma.customarray.service.CustomArraySortImpl - Bubble sort finished. Sorted array is:32373536374339402542
2022-02-22 22:47:49.139 [main] INFO  by.mishastoma.customarray.service.CustomArrayServiceImpl - Sum of elements: 46
2022-02-22 22:47:49.141 [main] INFO  by.mishastoma.customarray.service.CustomArrayServiceImpl - Average: 4,600000
2022-02-22 22:48:36.303 [main] INFO  by.mishastoma.customarray.service.CustomArraySortImpl - Bubble sort finished. Sorted array is:32373536374339402542
2022-02-22 22:48:36.306 [main] INFO  by.mishastoma.customarray.service.CustomArrayServiceImpl - Sum of elements: 46
2022-02-22 22:48:36.309 [main] INFO  by.mishastoma.customarray.service.CustomArrayServiceImpl - Average: 4,600000
2022-02-22 22:48:47.267 [main] INFO  by.mishastoma.customarray.service.CustomArraySortImpl - Bubble sort finished. Sorted array is:[I@7c24b813
2022-02-22 22:48:47.269 [main] INFO  by.mishastoma.customarray.service.CustomArrayServiceImpl - Sum of elements: 46
2022-02-22 22:48:47.271 [main] INFO  by.mishastoma.customarray.service.CustomArrayServiceImpl - Average: 4,600000
2022-02-22 22:55:06.190 [main] INFO  by.mishastoma.customarray.service.CustomArraySortImpl - Bubble sort finished. Sorted array is:[0, 5, 3, 4, 5, 11, 7, 8, -7, 10]
2022-02-22 22:55:06.192 [main] INFO  by.mishastoma.customarray.service.CustomArrayServiceImpl - Sum of elements: 46
2022-02-22 22:55:06.195 [main] INFO  by.mishastoma.customarray.service.CustomArrayServiceImpl - Average: 4,600000
2022-02-22 22:56:58.220 [main] INFO  App - Message
2022-02-22 22:57:51.478 [main] INFO  App - Message
2022-02-22 22:57:51.480 [main] INFO  by.mishastoma.customarray.service.CustomArraySortImpl - Bubble sort finished. Sorted array is: [0, 5, 3, 4, 5, 11, 7, 8, -7, 10]
2022-02-22 22:57:51.481 [main] INFO  by.mishastoma.customarray.service.CustomArrayServiceImpl - Sum of elements: 46
2022-02-22 22:57:51.483 [main] INFO  by.mishastoma.customarray.service.CustomArrayServiceImpl - Average: 4,600000
2022-02-22 22:58:03.268 [main] INFO  App - Message
2022-02-22 22:59:50.046 [main] INFO  App - Message
2022-02-22 23:01:46.011 [main] INFO  App - Message
2022-02-22 23:01:46.014 [main] INFO  by.mishastoma.customarray.service.CustomArraySortImpl - Gnome sort finished. Sorted array is:[-7, 0, 3, 4, 5, 5, 7, 8, 10, 11]
2022-02-22 23:01:46.014 [main] INFO  by.mishastoma.customarray.service.CustomArrayServiceImpl - Sum of elements: 46
2022-02-22 23:01:46.017 [main] INFO  by.mishastoma.customarray.service.CustomArrayServiceImpl - Average: 4,600000
2022-02-22 23:02:38.604 [main] INFO  App - Message
2022-02-22 23:02:38.606 [main] INFO  by.mishastoma.customarray.service.CustomArraySortImpl - Gnome sort finished. Sorted array is:[-7, 0, 3, 4, 5, 5, 7, 8, 10, 11]
2022-02-22 23:02:38.607 [main] INFO  by.mishastoma.customarray.service.CustomArrayServiceImpl - Sum of elements: 46
2022-02-22 23:02:38.609 [main] INFO  by.mishastoma.customarray.service.CustomArrayServiceImpl - Average: 4,600000
2022-02-22 23:02:54.858 [main] INFO  App - Message
2022-02-22 23:02:54.861 [main] INFO  by.mishastoma.customarray.service.CustomArraySortImpl - Gnome sort finished. Sorted array is:[-7, 0, 3, 4, 5, 5, 7, 8, 10, 11]
2022-02-22 23:02:54.861 [main] INFO  by.mishastoma.customarray.service.CustomArraySortImpl - Bubble sort finished. Sorted array is: [-7, 0, 3, 4, 5, 5, 7, 8, 10, 11]
2022-02-22 23:03:55.443 [main] INFO  App - Message
2022-02-22 23:03:55.446 [main] INFO  by.mishastoma.customarray.service.CustomArraySortImpl - Gnome sort finished. Sorted array is:[-7, 0, 3, 4, 5, 5, 7, 8, 10, 11]
2022-02-22 23:03:55.446 [main] INFO  by.mishastoma.customarray.service.CustomArraySortImpl - Bubble sort finished. Sorted array is: [-7, 0, 3, 4, 5, 5, 7, 8, 10, 11]
2022-02-22 23:03:55.446 [main] INFO  by.mishastoma.customarray.service.CustomArraySortImpl - Start
2022-02-22 23:04:07.105 [main] INFO  App - Message
2022-02-22 23:04:07.107 [main] INFO  by.mishastoma.customarray.service.CustomArraySortImpl - Gnome sort finished. Sorted array is:[-7, 0, 3, 4, 5, 5, 7, 8, 10, 11]
2022-02-22 23:04:07.108 [main] INFO  by.mishastoma.customarray.service.CustomArraySortImpl - Bubble sort finished. Sorted array is: [-7, 0, 3, 4, 5, 5, 7, 8, 10, 11]
2022-02-22 23:05:07.712 [main] INFO  App - Message
2022-02-22 23:05:07.716 [main] INFO  by.mishastoma.customarray.service.CustomArraySortImpl - Gnome sort finished. Sorted array is:[-7, 0, 3, 4, 5, 5, 7, 8, 10, 11]
2022-02-22 23:05:07.716 [main] INFO  by.mishastoma.customarray.service.CustomArraySortImpl - Bubble sort finished. Sorted array is: [-7, 0, 3, 4, 5, 5, 7, 8, 10, 11]
2022-02-22 23:09:37.714 [main] INFO  App - Message
2022-02-22 23:09:37.717 [main] INFO  by.mishastoma.customarray.service.CustomArraySortImpl - Gnome sort finished. Sorted array is: [-7, 0, 3, 4, 5, 5, 7, 8, 10, 11]
2022-02-22 23:09:37.717 [main] INFO  by.mishastoma.customarray.service.CustomArraySortImpl - Bubble sort finished. Sorted array is: [-7, 0, 3, 4, 5, 5, 7, 8, 10, 11]
2022-02-22 23:10:53.377 [main] INFO  App - Message
2022-02-22 23:10:53.381 [main] INFO  by.mishastoma.customarray.service.CustomArraySortImpl - Gnome sort finished. Sorted array is: [-7, 0, 3, 4, 5, 5, 7, 8, 10, 11]
2022-02-22 23:10:53.381 [main] INFO  by.mishastoma.customarray.service.CustomArraySortImpl - Bubble sort finished. Sorted array is: [-7, 0, 3, 4, 5, 5, 7, 8, 10, 11]
2022-02-22 23:10:53.382 [main] INFO  by.mishastoma.customarray.service.CustomArrayServiceImpl - Sum of elements: 46
2022-02-22 23:10:53.385 [main] INFO  by.mishastoma.customarray.service.CustomArrayServiceImpl - Average: 4,600000
2022-02-22 23:12:39.691 [main] INFO  App - Message
2022-02-22 23:12:39.694 [main] INFO  by.mishastoma.customarray.service.CustomArraySortImpl - Gnome sort finished. Sorted array is: [-7, 0, 3, 4, 5, 5, 7, 8, 10, 11]
2022-02-22 23:12:39.694 [main] INFO  by.mishastoma.customarray.service.CustomArraySortImpl - Bubble sort finished. Sorted array is: [-7, 0, 3, 4, 5, 5, 7, 8, 10, 11]
2022-02-22 23:13:35.877 [main] INFO  App - Message
2022-02-22 23:13:35.879 [main] INFO  by.mishastoma.customarray.service.CustomArraySortImpl - Gnome sort finished. Sorted array is: [-7, 0, 3, 4, 5, 5, 7, 8, 10, 11]
2022-02-22 23:13:35.880 [main] INFO  by.mishastoma.customarray.service.CustomArraySortImpl - Bubble sort finished. Sorted array is: [-7, 0, 3, 4, 5, 5, 7, 8, 10, 11]
2022-02-22 23:13:35.880 [main] INFO  by.mishastoma.customarray.service.CustomArraySortImpl - Selection sort finished. Sorted array is: [-7, 0, 3, 4, 5, 5, 7, 8, 10, 11]
2022-02-22 23:13:35.880 [main] INFO  by.mishastoma.customarray.service.CustomArrayServiceImpl - Sum of elements: 46
2022-02-22 23:13:35.883 [main] INFO  by.mishastoma.customarray.service.CustomArrayServiceImpl - Average: 4,600000
2022-02-22 23:14:51.340 [main] INFO  App - Message
2022-02-22 23:14:51.343 [main] INFO  by.mishastoma.customarray.service.CustomArraySortImpl - Gnome sort finished. Sorted array is: [-7, 0, 3, 4, 5, 5, 7, 8, 10, 11]
2022-02-22 23:14:51.344 [main] INFO  by.mishastoma.customarray.service.CustomArraySortImpl - Bubble sort finished. Sorted array is: [-7, 0, 3, 4, 5, 5, 7, 8, 10, 11]
2022-02-22 23:14:51.344 [main] INFO  by.mishastoma.customarray.service.CustomArraySortImpl - Selection sort finished. Sorted array is: [-7, 0, 3, 4, 5, 5, 7, 8, 10, 11]
2022-02-22 23:14:51.345 [main] INFO  by.mishastoma.customarray.service.CustomArrayServiceImpl - Sum of elements: 46
2022-02-22 23:14:51.349 [main] INFO  by.mishastoma.customarray.service.CustomArrayServiceImpl - Average: 4,600000
2022-02-22 23:14:51.351 [main] INFO  by.mishastoma.customarray.service.CustomArrayServiceImpl - Average: {0}
2022-02-22 23:15:38.136 [main] INFO  App - Message
2022-02-22 23:15:38.139 [main] INFO  by.mishastoma.customarray.service.CustomArraySortImpl - Gnome sort finished. Sorted array is: [-7, 0, 3, 4, 5, 5, 7, 8, 10, 11]
2022-02-22 23:15:38.140 [main] INFO  by.mishastoma.customarray.service.CustomArraySortImpl - Bubble sort finished. Sorted array is: [-7, 0, 3, 4, 5, 5, 7, 8, 10, 11]
2022-02-22 23:15:38.140 [main] INFO  by.mishastoma.customarray.service.CustomArraySortImpl - Selection sort finished. Sorted array is: [-7, 0, 3, 4, 5, 5, 7, 8, 10, 11]
2022-02-22 23:15:38.140 [main] INFO  by.mishastoma.customarray.service.CustomArrayServiceImpl - Sum of elements: 46
2022-02-22 23:15:38.143 [main] INFO  by.mishastoma.customarray.service.CustomArrayServiceImpl - Average: 4,600000
2022-02-22 23:15:38.145 [main] INFO  by.mishastoma.customarray.service.CustomArrayServiceImpl - Average: 4.6
2022-02-22 23:16:06.667 [main] INFO  App - Message
2022-02-22 23:16:06.670 [main] INFO  by.mishastoma.customarray.service.CustomArraySortImpl - Gnome sort finished. Sorted array is: [-7, 0, 3, 4, 5, 5, 7, 8, 10, 11]
2022-02-22 23:16:06.670 [main] INFO  by.mishastoma.customarray.service.CustomArraySortImpl - Bubble sort finished. Sorted array is: [-7, 0, 3, 4, 5, 5, 7, 8, 10, 11]
2022-02-22 23:16:06.670 [main] INFO  by.mishastoma.customarray.service.CustomArraySortImpl - Selection sort finished. Sorted array is: [-7, 0, 3, 4, 5, 5, 7, 8, 10, 11]
2022-02-22 23:16:06.670 [main] INFO  by.mishastoma.customarray.service.CustomArrayServiceImpl - Sum of elements: 46
2022-02-22 23:16:06.673 [main] INFO  by.mishastoma.customarray.service.CustomArrayServiceImpl - Average: 4,600000
2022-02-22 23:16:06.674 [main] INFO  by.mishastoma.customarray.service.CustomArrayServiceImpl - Average: {0,1}
2022-02-22 23:16:21.076 [main] INFO  App - Message
2022-02-22 23:16:21.079 [main] INFO  by.mishastoma.customarray.service.CustomArraySortImpl - Gnome sort finished. Sorted array is: [-7, 0, 3, 4, 5, 5, 7, 8, 10, 11]
2022-02-22 23:16:21.079 [main] INFO  by.mishastoma.customarray.service.CustomArraySortImpl - Bubble sort finished. Sorted array is: [-7, 0, 3, 4, 5, 5, 7, 8, 10, 11]
2022-02-22 23:16:21.079 [main] INFO  by.mishastoma.customarray.service.CustomArraySortImpl - Selection sort finished. Sorted array is: [-7, 0, 3, 4, 5, 5, 7, 8, 10, 11]
2022-02-22 23:16:21.079 [main] INFO  by.mishastoma.customarray.service.CustomArrayServiceImpl - Sum of elements: 46
2022-02-22 23:16:21.082 [main] INFO  by.mishastoma.customarray.service.CustomArrayServiceImpl - Average: 4,600000
2022-02-22 23:16:21.083 [main] INFO  by.mishastoma.customarray.service.CustomArrayServiceImpl - Average: {0}, {1}
2022-02-22 23:16:31.285 [main] INFO  App - Message
2022-02-22 23:16:31.287 [main] INFO  by.mishastoma.customarray.service.CustomArraySortImpl - Gnome sort finished. Sorted array is: [-7, 0, 3, 4, 5, 5, 7, 8, 10, 11]
2022-02-22 23:16:31.287 [main] INFO  by.mishastoma.customarray.service.CustomArraySortImpl - Bubble sort finished. Sorted array is: [-7, 0, 3, 4, 5, 5, 7, 8, 10, 11]
2022-02-22 23:16:31.287 [main] INFO  by.mishastoma.customarray.service.CustomArraySortImpl - Selection sort finished. Sorted array is: [-7, 0, 3, 4, 5, 5, 7, 8, 10, 11]
2022-02-22 23:16:31.287 [main] INFO  by.mishastoma.customarray.service.CustomArrayServiceImpl - Sum of elements: 46
2022-02-22 23:16:31.290 [main] INFO  by.mishastoma.customarray.service.CustomArrayServiceImpl - Average: 4,600000
2022-02-22 23:16:31.291 [main] INFO  by.mishastoma.customarray.service.CustomArrayServiceImpl - Average: 4.6, 4.6
2022-02-22 23:17:06.771 [main] INFO  App - Message
2022-02-22 23:17:06.776 [main] INFO  by.mishastoma.customarray.service.CustomArraySortImpl - Gnome sort finished. Sorted array is: [-7, 0, 3, 4, 5, 5, 7, 8, 10, 11]
2022-02-22 23:17:06.776 [main] INFO  by.mishastoma.customarray.service.CustomArraySortImpl - Bubble sort finished. Sorted array is: [-7, 0, 3, 4, 5, 5, 7, 8, 10, 11]
2022-02-22 23:17:06.777 [main] INFO  by.mishastoma.customarray.service.CustomArraySortImpl - Selection sort finished. Sorted array is: [-7, 0, 3, 4, 5, 5, 7, 8, 10, 11]
2022-02-22 23:17:06.777 [main] INFO  by.mishastoma.customarray.service.CustomArrayServiceImpl - Sum of elements: 46
2022-02-22 23:17:06.783 [main] INFO  by.mishastoma.customarray.service.CustomArrayServiceImpl - Average: 4,600000
2022-02-22 23:17:06.784 [main] INFO  by.mishastoma.customarray.service.CustomArrayServiceImpl - Average: 4.6, 4.6
2022-02-22 23:17:22.917 [main] INFO  App - Message
2022-02-22 23:17:22.919 [main] INFO  by.mishastoma.customarray.service.CustomArraySortImpl - Gnome sort finished. Sorted array is: [-7, 0, 3, 4, 5, 5, 7, 8, 10, 11]
2022-02-22 23:17:22.920 [main] INFO  by.mishastoma.customarray.service.CustomArraySortImpl - Bubble sort finished. Sorted array is: [-7, 0, 3, 4, 5, 5, 7, 8, 10, 11]
2022-02-22 23:17:22.920 [main] INFO  by.mishastoma.customarray.service.CustomArraySortImpl - Selection sort finished. Sorted array is: [-7, 0, 3, 4, 5, 5, 7, 8, 10, 11]
2022-02-22 23:17:22.920 [main] INFO  by.mishastoma.customarray.service.CustomArrayServiceImpl - Sum of elements: 46
2022-02-22 23:17:22.923 [main] INFO  by.mishastoma.customarray.service.CustomArrayServiceImpl - Average: 4,600000
2022-02-22 23:17:22.923 [main] INFO  by.mishastoma.customarray.service.CustomArrayServiceImpl - Average: 4.6, 4.6
2022-02-22 23:17:56.393 [main] INFO  App - Message
2022-02-22 23:17:56.396 [main] INFO  by.mishastoma.customarray.service.CustomArraySortImpl - Gnome sort finished. Sorted array is: 25323536373739404243
2022-02-22 23:17:56.396 [main] INFO  by.mishastoma.customarray.service.CustomArraySortImpl - Bubble sort finished. Sorted array is: [-7, 0, 3, 4, 5, 5, 7, 8, 10, 11]
2022-02-22 23:17:56.396 [main] INFO  by.mishastoma.customarray.service.CustomArraySortImpl - Selection sort finished. Sorted array is: [-7, 0, 3, 4, 5, 5, 7, 8, 10, 11]
2022-02-22 23:17:56.396 [main] INFO  by.mishastoma.customarray.service.CustomArrayServiceImpl - Sum of elements: 46
2022-02-22 23:17:56.399 [main] INFO  by.mishastoma.customarray.service.CustomArrayServiceImpl - Average: 4,600000
2022-02-22 23:17:56.399 [main] INFO  by.mishastoma.customarray.service.CustomArrayServiceImpl - Average: 4.6, 4.6
2022-02-22 23:21:58.879 [main] INFO  App - Message
2022-02-22 23:21:58.882 [main] INFO  by.mishastoma.customarray.service.CustomArraySortImpl - Gnome sort finished. Sorted array is: [-7, 0, 3, 4, 5, 5, 7, 8, 10, 11]
2022-02-22 23:21:58.882 [main] INFO  by.mishastoma.customarray.service.CustomArraySortImpl - Bubble sort finished. Sorted array is: [-7, 0, 3, 4, 5, 5, 7, 8, 10, 11]
2022-02-22 23:21:58.882 [main] INFO  by.mishastoma.customarray.service.CustomArraySortImpl - Selection sort finished. Sorted array is: [-7, 0, 3, 4, 5, 5, 7, 8, 10, 11]
2022-02-22 23:21:58.883 [main] INFO  by.mishastoma.customarray.service.CustomArrayServiceImpl - Sum of elements: 46
2022-02-22 23:21:58.884 [main] INFO  by.mishastoma.customarray.service.CustomArrayServiceImpl - Average: 4.6
2022-02-22 23:21:58.885 [main] INFO  by.mishastoma.customarray.service.CustomArrayServiceImpl - Number of negative elements: 1
2022-02-22 23:21:58.885 [main] INFO  by.mishastoma.customarray.service.CustomArrayServiceImpl - Number of positive elements: 8
2022-02-22 23:21:58.885 [main] INFO  by.mishastoma.customarray.service.CustomArrayServiceImpl - Sum of elements: 46
2022-02-22 23:21:58.885 [main] INFO  by.mishastoma.customarray.service.CustomArrayServiceImpl - Maximum element: 11
2022-02-22 23:21:58.885 [main] INFO  by.mishastoma.customarray.service.CustomArrayServiceImpl - Minimum element: -7
2022-02-22 23:21:58.886 [main] INFO  by.mishastoma.customarray.service.CustomArrayServiceImpl - Changed negative elements to zero. Array: [-7, 0, 3, 4, 5, 5, 7, 8, 10, 11]
2022-02-22 23:24:33.580 [main] INFO  App - Message
2022-02-22 23:24:33.583 [main] INFO  by.mishastoma.customarray.service.CustomArraySortImpl - Gnome sort finished. Sorted array is: [-7, 0, 3, 4, 5, 5, 7, 8, 10, 11]
2022-02-22 23:24:33.583 [main] INFO  by.mishastoma.customarray.service.CustomArraySortImpl - Bubble sort finished. Sorted array is: [-7, 0, 3, 4, 5, 5, 7, 8, 10, 11]
2022-02-22 23:24:33.583 [main] INFO  by.mishastoma.customarray.service.CustomArraySortImpl - Selection sort finished. Sorted array is: [-7, 0, 3, 4, 5, 5, 7, 8, 10, 11]
2022-02-22 23:24:33.583 [main] INFO  by.mishastoma.customarray.service.CustomArrayServiceImpl - Sum of elements: 46
2022-02-22 23:24:33.586 [main] INFO  by.mishastoma.customarray.service.CustomArrayServiceImpl - Average: 4.6
2022-02-22 23:24:33.586 [main] INFO  by.mishastoma.customarray.service.CustomArrayServiceImpl - Number of negative elements: 1
2022-02-22 23:24:33.586 [main] INFO  by.mishastoma.customarray.service.CustomArrayServiceImpl - Number of positive elements: 8
2022-02-22 23:24:33.586 [main] INFO  by.mishastoma.customarray.service.CustomArrayServiceImpl - Sum of elements: 46
2022-02-22 23:24:33.586 [main] INFO  by.mishastoma.customarray.service.CustomArrayServiceImpl - Maximum element: 11
2022-02-22 23:24:33.586 [main] INFO  by.mishastoma.customarray.service.CustomArrayServiceImpl - Minimum element: -7
2022-02-22 23:24:33.586 [main] INFO  by.mishastoma.customarray.service.CustomArrayServiceImpl - Changed negative elements to zero. Array: [0, 0, 3, 4, 5, 5, 7, 8, 10, 11]
