2022-02-23 17:34:36.364 [main] INFO  by.mishastoma.customarray.service.impl.CustomArraySortImpl - Gnome sort finished. Sorted array is: [-7, 0, 3, 4, 5, 5, 7, 8, 10, 11]
2022-02-23 17:34:36.366 [main] INFO  by.mishastoma.customarray.service.impl.CustomArraySortImpl - Bubble sort finished. Sorted array is: [-7, 0, 3, 4, 5, 5, 7, 8, 10, 11]
2022-02-23 17:34:36.366 [main] INFO  by.mishastoma.customarray.service.impl.CustomArraySortImpl - Selection sort finished. Sorted array is: [-7, 0, 3, 4, 5, 5, 7, 8, 10, 11]
2022-02-23 17:34:36.367 [main] INFO  by.mishastoma.customarray.service.impl.CustomArrayServiceImpl - Sum of elements: 46
2022-02-23 17:34:36.370 [main] INFO  by.mishastoma.customarray.service.impl.CustomArrayServiceImpl - Average: 4.6
2022-02-23 17:34:36.370 [main] INFO  by.mishastoma.customarray.service.impl.CustomArrayServiceImpl - Number of negative elements: 1
2022-02-23 17:34:36.371 [main] INFO  by.mishastoma.customarray.service.impl.CustomArrayServiceImpl - Number of positive elements: 8
2022-02-23 17:34:36.371 [main] INFO  by.mishastoma.customarray.service.impl.CustomArrayServiceImpl - Sum of elements: 46
2022-02-23 17:34:36.371 [main] INFO  by.mishastoma.customarray.service.impl.CustomArrayServiceImpl - Maximum element: 11
2022-02-23 17:34:36.371 [main] INFO  by.mishastoma.customarray.service.impl.CustomArrayServiceImpl - Minimum element: -7
2022-02-23 17:34:36.371 [main] INFO  by.mishastoma.customarray.service.impl.CustomArrayServiceImpl - Changed negative elements to zero. Array: [0, 0, 3, 4, 5, 5, 7, 8, 10, 11]
2022-02-23 17:38:58.308 [main] INFO  by.mishastoma.customarray.service.impl.CustomArraySortImpl - Bubble sort finished. Sorted array is: [-4, 0, 2, 11, 12, 55]
2022-02-23 17:58:25.383 [main] INFO  by.mishastoma.customarray.service.impl.CustomArraySortImpl - Bubble sort finished. Sorted array is: [-4, 0, 2, 11, 12, 55]
2022-02-23 17:58:54.617 [main] INFO  by.mishastoma.customarray.service.impl.CustomArraySortImpl - Bubble sort finished. Sorted array is: []
2022-02-23 18:02:39.829 [main] INFO  by.mishastoma.customarray.service.impl.CustomArraySortImpl - Bubble sort finished. Sorted array is: [0, 0, 0, 0, 0, 0, 0]
2022-02-23 18:02:51.438 [main] INFO  by.mishastoma.customarray.service.impl.CustomArraySortImpl - Bubble sort finished. Sorted array is: [-11, -7, -6, -5, -4, -2, -2]
2022-02-23 18:03:01.290 [main] INFO  by.mishastoma.customarray.service.impl.CustomArraySortImpl - Bubble sort finished. Sorted array is: [1, 2, 4, 4, 5, 7]
2022-02-23 18:03:19.362 [main] INFO  by.mishastoma.customarray.service.impl.CustomArraySortImpl - Bubble sort finished. Sorted array is: [-4, 0, 2, 11, 12, 55]
2022-02-23 18:19:54.960 [main] INFO  by.mishastoma.customarray.service.impl.CustomArraySortImpl - Selection sort finished. Sorted array is: [-4, 0, 2, 11, 12, 55]
2022-02-23 18:20:03.124 [main] INFO  by.mishastoma.customarray.service.impl.CustomArraySortImpl - Selection sort finished. Sorted array is: [0, 0, 0, 0, 0, 0, 0]
2022-02-23 18:20:11.075 [main] INFO  by.mishastoma.customarray.service.impl.CustomArraySortImpl - Selection sort finished. Sorted array is: [-11, -7, -6, -5, -4, -2, -2]
2022-02-23 18:20:25.556 [main] INFO  by.mishastoma.customarray.service.impl.CustomArraySortImpl - Selection sort finished. Sorted array is: [1, 2, 4, 4, 5, 7]
2022-02-23 18:26:43.399 [main] INFO  by.mishastoma.customarray.service.impl.CustomArraySortImpl - Bubble sort finished. Sorted array is: [-4, 0, 2, 11, 12, 55]
2022-02-23 18:26:55.492 [main] INFO  by.mishastoma.customarray.service.impl.CustomArraySortImpl - Bubble sort finished. Sorted array is: [0, 0, 0, 0, 0, 0, 0]
2022-02-23 18:26:58.742 [main] INFO  by.mishastoma.customarray.service.impl.CustomArraySortImpl - Bubble sort finished. Sorted array is: [-11, -7, -6, -5, -4, -2, -2]
2022-02-23 18:27:05.083 [main] INFO  by.mishastoma.customarray.service.impl.CustomArraySortImpl - Bubble sort finished. Sorted array is: [1, 2, 4, 4, 5, 7]
2022-02-23 18:27:15.648 [main] INFO  by.mishastoma.customarray.service.impl.CustomArraySortImpl - Selection sort finished. Sorted array is: [-4, 0, 2, 11, 12, 55]
2022-02-23 18:27:22.100 [main] INFO  by.mishastoma.customarray.service.impl.CustomArraySortImpl - Selection sort finished. Sorted array is: [-11, -7, -6, -5, -4, -2, -2]
2022-02-23 18:36:01.473 [main] INFO  by.mishastoma.customarray.service.impl.CustomArraySortImpl - Bubble sort finished. Sorted array is: [-4, 0, 2, 11, 12, 55]
2022-02-23 18:36:01.484 [main] INFO  by.mishastoma.customarray.service.impl.CustomArraySortImpl - Bubble sort finished. Sorted array is: [-11, -7, -6, -5, -4, -2, -2]
2022-02-23 18:36:01.487 [main] INFO  by.mishastoma.customarray.service.impl.CustomArraySortImpl - Bubble sort finished. Sorted array is: [1, 2, 4, 4, 5, 7]
2022-02-23 18:36:01.490 [main] INFO  by.mishastoma.customarray.service.impl.CustomArraySortImpl - Bubble sort finished. Sorted array is: [0, 0, 0, 0, 0, 0, 0]
2022-02-23 18:36:01.492 [main] INFO  by.mishastoma.customarray.service.impl.CustomArraySortImpl - Gnome sort finished. Sorted array is: [-4, 0, 2, 11, 12, 55]
2022-02-23 18:36:01.499 [main] INFO  by.mishastoma.customarray.service.impl.CustomArraySortImpl - Gnome sort finished. Sorted array is: [-11, -7, -6, -5, -4, -2, -2]
2022-02-23 18:36:01.501 [main] INFO  by.mishastoma.customarray.service.impl.CustomArraySortImpl - Gnome sort finished. Sorted array is: [-4, 0, 2, 11, 12, 55]
2022-02-23 18:36:01.508 [main] INFO  by.mishastoma.customarray.service.impl.CustomArraySortImpl - Gnome sort finished. Sorted array is: [1, 2, 4, 4, 5, 7]
2022-02-23 18:36:01.517 [main] INFO  by.mishastoma.customarray.service.impl.CustomArraySortImpl - Gnome sort finished. Sorted array is: [0, 0, 0, 0, 0, 0, 0]
2022-02-23 18:36:01.520 [main] INFO  by.mishastoma.customarray.service.impl.CustomArraySortImpl - Selection sort finished. Sorted array is: [-4, 0, 2, 11, 12, 55]
2022-02-23 18:36:01.521 [main] INFO  by.mishastoma.customarray.service.impl.CustomArraySortImpl - Selection sort finished. Sorted array is: [-11, -7, -6, -5, -4, -2, -2]
2022-02-23 18:36:01.560 [main] INFO  by.mishastoma.customarray.service.impl.CustomArraySortImpl - Selection sort finished. Sorted array is: [1, 2, 4, 4, 5, 7]
2022-02-23 18:36:01.561 [main] INFO  by.mishastoma.customarray.service.impl.CustomArraySortImpl - Selection sort finished. Sorted array is: [0, 0, 0, 0, 0, 0, 0]
2022-02-23 18:38:41.536 [main] INFO  by.mishastoma.customarray.service.impl.CustomArraySortImpl - Gnome sort finished. Sorted array is: [-4, 0, 2, 11, 12, 55]
2022-02-23 18:38:41.549 [main] INFO  by.mishastoma.customarray.service.impl.CustomArraySortImpl - Gnome sort finished. Sorted array is: [1, 2, 4, 4, 5, 7]
2022-02-23 18:38:41.557 [main] INFO  by.mishastoma.customarray.service.impl.CustomArraySortImpl - Gnome sort finished. Sorted array is: [0, 0, 0, 0, 0, 0, 0]
2022-02-23 18:39:56.454 [main] INFO  by.mishastoma.customarray.service.impl.CustomArraySortImpl - Gnome sort finished. Sorted array is: [1, 2, 4, 4, 5, 7]
2022-02-23 18:39:56.466 [main] INFO  by.mishastoma.customarray.service.impl.CustomArraySortImpl - Gnome sort finished. Sorted array is: [0, 0, 0, 0, 0, 0, 0]
2022-02-23 18:40:58.357 [main] INFO  by.mishastoma.customarray.service.impl.CustomArraySortImpl - Gnome sort finished. Sorted array is: [1, 2, 4, 4, 5, 7]
2022-02-23 18:40:58.368 [main] INFO  by.mishastoma.customarray.service.impl.CustomArraySortImpl - Gnome sort finished. Sorted array is: [0, 0, 0, 0, 0, 0, 0]
2022-02-23 18:41:01.942 [main] INFO  by.mishastoma.customarray.service.impl.CustomArraySortImpl - Gnome sort finished. Sorted array is: [1, 2, 4, 4, 5, 7]
2022-02-23 18:41:01.954 [main] INFO  by.mishastoma.customarray.service.impl.CustomArraySortImpl - Gnome sort finished. Sorted array is: [0, 0, 0, 0, 0, 0, 0]
2022-02-23 18:41:12.778 [main] INFO  by.mishastoma.customarray.service.impl.CustomArraySortImpl - Bubble sort finished. Sorted array is: [-4, 0, 2, 11, 12, 55]
2022-02-23 18:41:12.792 [main] INFO  by.mishastoma.customarray.service.impl.CustomArraySortImpl - Bubble sort finished. Sorted array is: [-11, -7, -6, -5, -4, -2, -2]
2022-02-23 18:41:12.795 [main] INFO  by.mishastoma.customarray.service.impl.CustomArraySortImpl - Bubble sort finished. Sorted array is: [1, 2, 4, 4, 5, 7]
2022-02-23 18:41:12.797 [main] INFO  by.mishastoma.customarray.service.impl.CustomArraySortImpl - Bubble sort finished. Sorted array is: [0, 0, 0, 0, 0, 0, 0]
2022-02-23 18:41:12.798 [main] INFO  by.mishastoma.customarray.service.impl.CustomArraySortImpl - Gnome sort finished. Sorted array is: [-4, 0, 2, 11, 12, 55]
2022-02-23 18:41:12.800 [main] INFO  by.mishastoma.customarray.service.impl.CustomArraySortImpl - Gnome sort finished. Sorted array is: [-11, -7, -6, -5, -4, -2, -2]
2022-02-23 18:41:12.807 [main] INFO  by.mishastoma.customarray.service.impl.CustomArraySortImpl - Gnome sort finished. Sorted array is: [1, 2, 4, 4, 5, 7]
2022-02-23 18:41:12.809 [main] INFO  by.mishastoma.customarray.service.impl.CustomArraySortImpl - Gnome sort finished. Sorted array is: [0, 0, 0, 0, 0, 0, 0]
2022-02-23 18:41:12.810 [main] INFO  by.mishastoma.customarray.service.impl.CustomArraySortImpl - Selection sort finished. Sorted array is: [-4, 0, 2, 11, 12, 55]
2022-02-23 18:41:12.812 [main] INFO  by.mishastoma.customarray.service.impl.CustomArraySortImpl - Selection sort finished. Sorted array is: [-11, -7, -6, -5, -4, -2, -2]
2022-02-23 18:41:12.815 [main] INFO  by.mishastoma.customarray.service.impl.CustomArraySortImpl - Selection sort finished. Sorted array is: [1, 2, 4, 4, 5, 7]
2022-02-23 18:41:12.817 [main] INFO  by.mishastoma.customarray.service.impl.CustomArraySortImpl - Selection sort finished. Sorted array is: [0, 0, 0, 0, 0, 0, 0]
