2022-03-07 13:29:25.993 [main] INFO  by.mishastoma.customarray.service.impl.CustomArrayCalculateImpl - Sum of elements: 76
2022-03-07 13:29:25.996 [main] INFO  by.mishastoma.customarray.service.impl.CustomArrayCalculateImpl - Average: 12.666666666666666
2022-03-07 13:29:26.002 [main] INFO  by.mishastoma.customarray.service.impl.CustomArrayCalculateImpl - Sum of elements: 0
2022-03-07 13:29:26.002 [main] INFO  by.mishastoma.customarray.service.impl.CustomArrayCalculateImpl - Average: NaN
2022-03-07 13:29:26.010 [main] INFO  by.mishastoma.customarray.service.impl.CustomArrayCalculateImpl - Sum of elements: -37
2022-03-07 13:29:26.010 [main] INFO  by.mishastoma.customarray.service.impl.CustomArrayCalculateImpl - Average: -5.285714285714286
2022-03-07 13:29:26.011 [main] INFO  by.mishastoma.customarray.service.impl.CustomArrayCalculateImpl - Sum of elements: 23
2022-03-07 13:29:26.011 [main] INFO  by.mishastoma.customarray.service.impl.CustomArrayCalculateImpl - Average: 3.8333333333333335
2022-03-07 13:29:26.012 [main] INFO  by.mishastoma.customarray.service.impl.CustomArrayCalculateImpl - Sum of elements: 0
2022-03-07 13:29:26.012 [main] INFO  by.mishastoma.customarray.service.impl.CustomArrayCalculateImpl - Average: 0.0
2022-03-07 13:29:26.014 [main] INFO  by.mishastoma.customarray.service.impl.CustomArrayCalculateImpl - Number of negative elements: 1
2022-03-07 13:29:26.016 [main] INFO  by.mishastoma.customarray.service.impl.CustomArrayCalculateImpl - Number of negative elements: 0
2022-03-07 13:29:26.033 [main] INFO  by.mishastoma.customarray.service.impl.CustomArrayCalculateImpl - Number of negative elements: 7
2022-03-07 13:29:26.035 [main] INFO  by.mishastoma.customarray.service.impl.CustomArrayCalculateImpl - Number of negative elements: 0
2022-03-07 13:29:26.036 [main] INFO  by.mishastoma.customarray.service.impl.CustomArrayCalculateImpl - Number of negative elements: 0
2022-03-07 13:29:26.040 [main] INFO  by.mishastoma.customarray.service.impl.CustomArrayCalculateImpl - Number of positive elements: 4
2022-03-07 13:29:26.044 [main] INFO  by.mishastoma.customarray.service.impl.CustomArrayCalculateImpl - Number of positive elements: 0
2022-03-07 13:29:26.047 [main] INFO  by.mishastoma.customarray.service.impl.CustomArrayCalculateImpl - Number of positive elements: 0
2022-03-07 13:29:26.049 [main] INFO  by.mishastoma.customarray.service.impl.CustomArrayCalculateImpl - Number of positive elements: 6
2022-03-07 13:29:26.050 [main] INFO  by.mishastoma.customarray.service.impl.CustomArrayCalculateImpl - Number of positive elements: 0
2022-03-07 13:29:26.051 [main] INFO  by.mishastoma.customarray.service.impl.CustomArrayCalculateImpl - Sum of elements: 76
2022-03-07 13:29:26.052 [main] INFO  by.mishastoma.customarray.service.impl.CustomArrayCalculateImpl - Sum of elements: 0
2022-03-07 13:29:26.054 [main] INFO  by.mishastoma.customarray.service.impl.CustomArrayCalculateImpl - Sum of elements: -37
2022-03-07 13:29:26.055 [main] INFO  by.mishastoma.customarray.service.impl.CustomArrayCalculateImpl - Sum of elements: 23
2022-03-07 13:29:26.056 [main] INFO  by.mishastoma.customarray.service.impl.CustomArrayCalculateImpl - Sum of elements: 0
2022-03-07 13:33:50.151 [main] INFO  by.mishastoma.customarray.service.impl.CustomArrayCalculateImpl - Sum of elements: 76
2022-03-07 13:33:50.155 [main] INFO  by.mishastoma.customarray.service.impl.CustomArrayCalculateImpl - Average: 12.666666666666666
2022-03-07 13:33:50.161 [main] ERROR by.mishastoma.customarray.service.impl.CustomArrayCalculateImpl - Empty array exception
2022-03-07 13:33:50.163 [main] INFO  by.mishastoma.customarray.service.impl.CustomArrayCalculateImpl - Sum of elements: -37
2022-03-07 13:33:50.164 [main] INFO  by.mishastoma.customarray.service.impl.CustomArrayCalculateImpl - Average: -5.285714285714286
2022-03-07 13:33:50.165 [main] INFO  by.mishastoma.customarray.service.impl.CustomArrayCalculateImpl - Sum of elements: 23
2022-03-07 13:33:50.166 [main] INFO  by.mishastoma.customarray.service.impl.CustomArrayCalculateImpl - Average: 3.8333333333333335
2022-03-07 13:33:50.168 [main] INFO  by.mishastoma.customarray.service.impl.CustomArrayCalculateImpl - Sum of elements: 0
2022-03-07 13:33:50.169 [main] INFO  by.mishastoma.customarray.service.impl.CustomArrayCalculateImpl - Average: 0.0
2022-03-07 13:33:50.172 [main] INFO  by.mishastoma.customarray.service.impl.CustomArrayCalculateImpl - Number of negative elements: 1
2022-03-07 13:33:50.175 [main] ERROR by.mishastoma.customarray.service.impl.CustomArrayCalculateImpl - Empty array exception
2022-03-07 13:33:50.178 [main] INFO  by.mishastoma.customarray.service.impl.CustomArrayCalculateImpl - Number of negative elements: 7
2022-03-07 13:33:50.180 [main] INFO  by.mishastoma.customarray.service.impl.CustomArrayCalculateImpl - Number of negative elements: 0
2022-03-07 13:33:50.182 [main] INFO  by.mishastoma.customarray.service.impl.CustomArrayCalculateImpl - Number of negative elements: 0
2022-03-07 13:33:50.185 [main] INFO  by.mishastoma.customarray.service.impl.CustomArrayCalculateImpl - Number of positive elements: 4
2022-03-07 13:33:50.188 [main] ERROR by.mishastoma.customarray.service.impl.CustomArrayCalculateImpl - Empty array exception
2022-03-07 13:33:50.191 [main] INFO  by.mishastoma.customarray.service.impl.CustomArrayCalculateImpl - Number of positive elements: 0
2022-03-07 13:33:50.194 [main] INFO  by.mishastoma.customarray.service.impl.CustomArrayCalculateImpl - Number of positive elements: 6
2022-03-07 13:33:50.196 [main] INFO  by.mishastoma.customarray.service.impl.CustomArrayCalculateImpl - Number of positive elements: 0
2022-03-07 13:33:50.198 [main] INFO  by.mishastoma.customarray.service.impl.CustomArrayCalculateImpl - Sum of elements: 76
2022-03-07 13:33:50.199 [main] ERROR by.mishastoma.customarray.service.impl.CustomArrayCalculateImpl - Empty array exception
2022-03-07 13:33:50.202 [main] INFO  by.mishastoma.customarray.service.impl.CustomArrayCalculateImpl - Sum of elements: -37
2022-03-07 13:33:50.204 [main] INFO  by.mishastoma.customarray.service.impl.CustomArrayCalculateImpl - Sum of elements: 23
2022-03-07 13:33:50.205 [main] INFO  by.mishastoma.customarray.service.impl.CustomArrayCalculateImpl - Sum of elements: 0
2022-03-07 13:34:03.783 [main] INFO  by.mishastoma.customarray.service.impl.CustomArrayCalculateImpl - Sum of elements: 76
2022-03-07 13:34:03.789 [main] INFO  by.mishastoma.customarray.service.impl.CustomArrayCalculateImpl - Average: 12.666666666666666
2022-03-07 13:34:03.799 [main] ERROR by.mishastoma.customarray.service.impl.CustomArrayCalculateImpl - Empty array exception
2022-03-07 13:34:03.801 [main] INFO  by.mishastoma.customarray.service.impl.CustomArrayCalculateImpl - Sum of elements: -37
2022-03-07 13:34:03.801 [main] INFO  by.mishastoma.customarray.service.impl.CustomArrayCalculateImpl - Average: -5.285714285714286
2022-03-07 13:34:03.803 [main] INFO  by.mishastoma.customarray.service.impl.CustomArrayCalculateImpl - Sum of elements: 23
2022-03-07 13:34:03.804 [main] INFO  by.mishastoma.customarray.service.impl.CustomArrayCalculateImpl - Average: 3.8333333333333335
2022-03-07 13:34:03.806 [main] INFO  by.mishastoma.customarray.service.impl.CustomArrayCalculateImpl - Sum of elements: 0
2022-03-07 13:34:03.807 [main] INFO  by.mishastoma.customarray.service.impl.CustomArrayCalculateImpl - Average: 0.0
2022-03-07 13:34:03.810 [main] INFO  by.mishastoma.customarray.service.impl.CustomArrayCalculateImpl - Number of negative elements: 1
2022-03-07 13:34:03.812 [main] ERROR by.mishastoma.customarray.service.impl.CustomArrayCalculateImpl - Empty array exception
2022-03-07 13:34:03.815 [main] INFO  by.mishastoma.customarray.service.impl.CustomArrayCalculateImpl - Number of negative elements: 7
2022-03-07 13:34:03.817 [main] INFO  by.mishastoma.customarray.service.impl.CustomArrayCalculateImpl - Number of negative elements: 0
2022-03-07 13:34:03.820 [main] INFO  by.mishastoma.customarray.service.impl.CustomArrayCalculateImpl - Number of negative elements: 0
2022-03-07 13:34:03.824 [main] INFO  by.mishastoma.customarray.service.impl.CustomArrayCalculateImpl - Number of positive elements: 4
2022-03-07 13:34:03.827 [main] ERROR by.mishastoma.customarray.service.impl.CustomArrayCalculateImpl - Empty array exception
2022-03-07 13:34:03.829 [main] INFO  by.mishastoma.customarray.service.impl.CustomArrayCalculateImpl - Number of positive elements: 0
2022-03-07 13:34:03.831 [main] INFO  by.mishastoma.customarray.service.impl.CustomArrayCalculateImpl - Number of positive elements: 6
2022-03-07 13:34:03.832 [main] INFO  by.mishastoma.customarray.service.impl.CustomArrayCalculateImpl - Number of positive elements: 0
2022-03-07 13:34:03.834 [main] INFO  by.mishastoma.customarray.service.impl.CustomArrayCalculateImpl - Sum of elements: 76
2022-03-07 13:34:03.837 [main] ERROR by.mishastoma.customarray.service.impl.CustomArrayCalculateImpl - Empty array exception
2022-03-07 13:34:03.840 [main] INFO  by.mishastoma.customarray.service.impl.CustomArrayCalculateImpl - Sum of elements: -37
2022-03-07 13:34:03.842 [main] INFO  by.mishastoma.customarray.service.impl.CustomArrayCalculateImpl - Sum of elements: 23
2022-03-07 13:34:03.843 [main] INFO  by.mishastoma.customarray.service.impl.CustomArrayCalculateImpl - Sum of elements: 0
2022-03-07 13:34:03.849 [main] INFO  by.mishastoma.customarray.service.impl.CustomArrayChangeImpl - Changed negative elements to zero. Array: [2, 0, 12, 55, 0, 11]
2022-03-07 13:34:03.851 [main] ERROR by.mishastoma.customarray.service.impl.CustomArrayChangeImpl - Empty array exception
2022-03-07 13:34:03.856 [main] INFO  by.mishastoma.customarray.service.impl.CustomArrayChangeImpl - Changed negative elements to zero. Array: [0, 0, 0, 0, 0, 0, 0]
2022-03-07 13:34:03.859 [main] INFO  by.mishastoma.customarray.service.impl.CustomArrayChangeImpl - Changed negative elements to zero. Array: [1, 4, 5, 7, 2, 4]
2022-03-07 13:34:03.860 [main] INFO  by.mishastoma.customarray.service.impl.CustomArrayChangeImpl - Changed negative elements to zero. Array: [0, 0, 0, 0, 0, 0, 0]
2022-03-07 13:34:03.866 [main] INFO  by.mishastoma.customarray.service.impl.CustomArrayFindImpl - Maximum element: OptionalInt[55]
2022-03-07 13:34:03.868 [main] ERROR by.mishastoma.customarray.service.impl.CustomArrayFindImpl - Empty array exception
2022-03-07 13:34:03.870 [main] INFO  by.mishastoma.customarray.service.impl.CustomArrayFindImpl - Maximum element: OptionalInt[-2]
2022-03-07 13:34:03.872 [main] INFO  by.mishastoma.customarray.service.impl.CustomArrayFindImpl - Maximum element: OptionalInt[7]
2022-03-07 13:34:03.874 [main] INFO  by.mishastoma.customarray.service.impl.CustomArrayFindImpl - Maximum element: OptionalInt[0]
2022-03-07 13:34:03.876 [main] INFO  by.mishastoma.customarray.service.impl.CustomArrayFindImpl - Minimum element: OptionalInt[-4]
2022-03-07 13:34:03.878 [main] ERROR by.mishastoma.customarray.service.impl.CustomArrayFindImpl - Empty array exception
2022-03-07 13:34:03.880 [main] INFO  by.mishastoma.customarray.service.impl.CustomArrayFindImpl - Minimum element: OptionalInt[-11]
2022-03-07 13:34:03.882 [main] INFO  by.mishastoma.customarray.service.impl.CustomArrayFindImpl - Minimum element: OptionalInt[1]
2022-03-07 13:34:03.885 [main] INFO  by.mishastoma.customarray.service.impl.CustomArrayFindImpl - Minimum element: OptionalInt[0]
2022-03-07 13:34:15.208 [main] INFO  by.mishastoma.customarray.service.impl.CustomArraySortImpl - Bubble sort finished. Sorted array is: [-4, 0, 2, 11, 12, 55]
2022-03-07 13:34:15.219 [main] ERROR by.mishastoma.customarray.service.impl.CustomArraySortImpl - Empty array exception
2022-03-07 13:34:15.221 [main] INFO  by.mishastoma.customarray.service.impl.CustomArraySortImpl - Bubble sort finished. Sorted array is: [-11, -7, -6, -5, -4, -2, -2]
2022-03-07 13:34:15.223 [main] INFO  by.mishastoma.customarray.service.impl.CustomArraySortImpl - Bubble sort finished. Sorted array is: [1, 2, 4, 4, 5, 7]
2022-03-07 13:34:15.225 [main] INFO  by.mishastoma.customarray.service.impl.CustomArraySortImpl - Bubble sort finished. Sorted array is: [0, 0, 0, 0, 0, 0, 0]
2022-03-07 13:34:15.227 [main] INFO  by.mishastoma.customarray.service.impl.CustomArraySortImpl - Gnome sort finished. Sorted array is: [-4, 0, 2, 11, 12, 55]
2022-03-07 13:34:15.229 [main] ERROR by.mishastoma.customarray.service.impl.CustomArraySortImpl - Empty array exception
2022-03-07 13:34:15.231 [main] INFO  by.mishastoma.customarray.service.impl.CustomArraySortImpl - Gnome sort finished. Sorted array is: [-11, -7, -6, -5, -4, -2, -2]
2022-03-07 13:34:15.233 [main] INFO  by.mishastoma.customarray.service.impl.CustomArraySortImpl - Gnome sort finished. Sorted array is: [1, 2, 4, 4, 5, 7]
2022-03-07 13:34:15.235 [main] INFO  by.mishastoma.customarray.service.impl.CustomArraySortImpl - Gnome sort finished. Sorted array is: [0, 0, 0, 0, 0, 0, 0]
2022-03-07 13:34:15.236 [main] INFO  by.mishastoma.customarray.service.impl.CustomArraySortImpl - Selection sort finished. Sorted array is: [-4, 0, 2, 11, 12, 55]
2022-03-07 13:34:15.238 [main] ERROR by.mishastoma.customarray.service.impl.CustomArraySortImpl - Empty array exception
2022-03-07 13:34:15.241 [main] INFO  by.mishastoma.customarray.service.impl.CustomArraySortImpl - Selection sort finished. Sorted array is: [-11, -7, -6, -5, -4, -2, -2]
2022-03-07 13:34:15.243 [main] INFO  by.mishastoma.customarray.service.impl.CustomArraySortImpl - Selection sort finished. Sorted array is: [1, 2, 4, 4, 5, 7]
2022-03-07 13:34:15.245 [main] INFO  by.mishastoma.customarray.service.impl.CustomArraySortImpl - Selection sort finished. Sorted array is: [0, 0, 0, 0, 0, 0, 0]
