2022-02-26 21:58:16.374 [main] INFO  by.mishastoma.customarray.service.impl.CustomArraySortImpl - Bubble sort finished. Sorted array is: [-4, 0, 2, 11, 12, 55]
2022-02-26 21:58:16.381 [main] ERROR by.mishastoma.customarray.service.impl.CustomArraySortImpl - Array is empty.
2022-02-26 21:58:16.384 [main] INFO  by.mishastoma.customarray.service.impl.CustomArraySortImpl - Bubble sort finished. Sorted array is: [-11, -7, -6, -5, -4, -2, -2]
2022-02-26 21:58:16.385 [main] INFO  by.mishastoma.customarray.service.impl.CustomArraySortImpl - Bubble sort finished. Sorted array is: [1, 2, 4, 4, 5, 7]
2022-02-26 21:58:16.386 [main] INFO  by.mishastoma.customarray.service.impl.CustomArraySortImpl - Bubble sort finished. Sorted array is: [0, 0, 0, 0, 0, 0, 0]
2022-02-26 21:58:16.388 [main] INFO  by.mishastoma.customarray.service.impl.CustomArraySortImpl - Gnome sort finished. Sorted array is: [-4, 0, 2, 11, 12, 55]
2022-02-26 21:58:16.390 [main] ERROR by.mishastoma.customarray.service.impl.CustomArraySortImpl - Array is empty.
2022-02-26 21:58:16.392 [main] INFO  by.mishastoma.customarray.service.impl.CustomArraySortImpl - Gnome sort finished. Sorted array is: [-11, -7, -6, -5, -4, -2, -2]
2022-02-26 21:58:16.394 [main] INFO  by.mishastoma.customarray.service.impl.CustomArraySortImpl - Gnome sort finished. Sorted array is: [1, 2, 4, 4, 5, 7]
2022-02-26 21:58:16.396 [main] INFO  by.mishastoma.customarray.service.impl.CustomArraySortImpl - Gnome sort finished. Sorted array is: [0, 0, 0, 0, 0, 0, 0]
2022-02-26 21:58:16.397 [main] INFO  by.mishastoma.customarray.service.impl.CustomArraySortImpl - Selection sort finished. Sorted array is: [-4, 0, 2, 11, 12, 55]
2022-02-26 21:58:16.399 [main] ERROR by.mishastoma.customarray.service.impl.CustomArraySortImpl - Array is empty.
2022-02-26 21:58:16.400 [main] INFO  by.mishastoma.customarray.service.impl.CustomArraySortImpl - Selection sort finished. Sorted array is: [-11, -7, -6, -5, -4, -2, -2]
2022-02-26 21:58:16.402 [main] INFO  by.mishastoma.customarray.service.impl.CustomArraySortImpl - Selection sort finished. Sorted array is: [1, 2, 4, 4, 5, 7]
2022-02-26 21:58:16.403 [main] INFO  by.mishastoma.customarray.service.impl.CustomArraySortImpl - Selection sort finished. Sorted array is: [0, 0, 0, 0, 0, 0, 0]
2022-02-26 22:08:36.582 [main] INFO  by.mishastoma.customarray.service.impl.CustomArraySortImpl - Bubble sort finished. Sorted array is: [-4, 0, 2, 11, 12, 55]
2022-02-26 22:08:36.591 [main] ERROR by.mishastoma.customarray.service.impl.CustomArraySortImpl - Array is empty.
2022-02-26 22:08:36.593 [main] INFO  by.mishastoma.customarray.service.impl.CustomArraySortImpl - Bubble sort finished. Sorted array is: [-11, -7, -6, -5, -4, -2, -2]
2022-02-26 22:08:36.595 [main] INFO  by.mishastoma.customarray.service.impl.CustomArraySortImpl - Bubble sort finished. Sorted array is: [1, 2, 4, 4, 5, 7]
2022-02-26 22:08:36.597 [main] INFO  by.mishastoma.customarray.service.impl.CustomArraySortImpl - Bubble sort finished. Sorted array is: [0, 0, 0, 0, 0, 0, 0]
2022-02-26 22:08:36.599 [main] INFO  by.mishastoma.customarray.service.impl.CustomArraySortImpl - Gnome sort finished. Sorted array is: [-4, 0, 2, 11, 12, 55]
2022-02-26 22:08:36.600 [main] ERROR by.mishastoma.customarray.service.impl.CustomArraySortImpl - Array is empty.
2022-02-26 22:08:36.603 [main] INFO  by.mishastoma.customarray.service.impl.CustomArraySortImpl - Gnome sort finished. Sorted array is: [-11, -7, -6, -5, -4, -2, -2]
2022-02-26 22:08:36.605 [main] INFO  by.mishastoma.customarray.service.impl.CustomArraySortImpl - Gnome sort finished. Sorted array is: [1, 2, 4, 4, 5, 7]
2022-02-26 22:08:36.607 [main] INFO  by.mishastoma.customarray.service.impl.CustomArraySortImpl - Gnome sort finished. Sorted array is: [0, 0, 0, 0, 0, 0, 0]
2022-02-26 22:08:36.609 [main] INFO  by.mishastoma.customarray.service.impl.CustomArraySortImpl - Selection sort finished. Sorted array is: [-4, 0, 2, 11, 12, 55]
2022-02-26 22:08:36.610 [main] ERROR by.mishastoma.customarray.service.impl.CustomArraySortImpl - Array is empty.
2022-02-26 22:08:36.612 [main] INFO  by.mishastoma.customarray.service.impl.CustomArraySortImpl - Selection sort finished. Sorted array is: [-11, -7, -6, -5, -4, -2, -2]
2022-02-26 22:08:36.614 [main] INFO  by.mishastoma.customarray.service.impl.CustomArraySortImpl - Selection sort finished. Sorted array is: [1, 2, 4, 4, 5, 7]
2022-02-26 22:08:36.616 [main] INFO  by.mishastoma.customarray.service.impl.CustomArraySortImpl - Selection sort finished. Sorted array is: [0, 0, 0, 0, 0, 0, 0]
2022-02-26 22:26:41.076 [main] INFO  by.mishastoma.customarray.service.impl.CustomArraySortImpl - Bubble sort finished. Sorted array is: [-4, 0, 2, 11, 12, 55]
2022-02-26 22:26:41.086 [main] ERROR by.mishastoma.customarray.service.impl.CustomArraySortImpl - Array is empty.
2022-02-26 22:26:41.089 [main] INFO  by.mishastoma.customarray.service.impl.CustomArraySortImpl - Bubble sort finished. Sorted array is: [-11, -7, -6, -5, -4, -2, -2]
2022-02-26 22:26:41.090 [main] INFO  by.mishastoma.customarray.service.impl.CustomArraySortImpl - Bubble sort finished. Sorted array is: [1, 2, 4, 4, 5, 7]
2022-02-26 22:26:41.092 [main] INFO  by.mishastoma.customarray.service.impl.CustomArraySortImpl - Bubble sort finished. Sorted array is: [0, 0, 0, 0, 0, 0, 0]
2022-02-26 22:26:41.094 [main] INFO  by.mishastoma.customarray.service.impl.CustomArraySortImpl - Gnome sort finished. Sorted array is: [-4, 0, 2, 11, 12, 55]
2022-02-26 22:26:41.095 [main] ERROR by.mishastoma.customarray.service.impl.CustomArraySortImpl - Array is empty.
2022-02-26 22:26:41.097 [main] INFO  by.mishastoma.customarray.service.impl.CustomArraySortImpl - Gnome sort finished. Sorted array is: [-11, -7, -6, -5, -4, -2, -2]
2022-02-26 22:26:41.099 [main] INFO  by.mishastoma.customarray.service.impl.CustomArraySortImpl - Gnome sort finished. Sorted array is: [1, 2, 4, 4, 5, 7]
2022-02-26 22:26:41.101 [main] INFO  by.mishastoma.customarray.service.impl.CustomArraySortImpl - Gnome sort finished. Sorted array is: [0, 0, 0, 0, 0, 0, 0]
2022-02-26 22:26:41.104 [main] INFO  by.mishastoma.customarray.service.impl.CustomArraySortImpl - Selection sort finished. Sorted array is: [-4, 0, 2, 11, 12, 55]
2022-02-26 22:26:41.106 [main] ERROR by.mishastoma.customarray.service.impl.CustomArraySortImpl - Array is empty.
2022-02-26 22:26:41.107 [main] INFO  by.mishastoma.customarray.service.impl.CustomArraySortImpl - Selection sort finished. Sorted array is: [-11, -7, -6, -5, -4, -2, -2]
2022-02-26 22:26:41.109 [main] INFO  by.mishastoma.customarray.service.impl.CustomArraySortImpl - Selection sort finished. Sorted array is: [1, 2, 4, 4, 5, 7]
2022-02-26 22:26:41.111 [main] INFO  by.mishastoma.customarray.service.impl.CustomArraySortImpl - Selection sort finished. Sorted array is: [0, 0, 0, 0, 0, 0, 0]
2022-02-26 22:31:43.049 [main] INFO  by.mishastoma.customarray.service.impl.CustomArrayServiceImpl - Maximum element: 55
2022-02-26 22:31:43.058 [main] INFO  by.mishastoma.customarray.service.impl.CustomArrayServiceImpl - Maximum element: -2
2022-02-26 22:31:43.060 [main] INFO  by.mishastoma.customarray.service.impl.CustomArrayServiceImpl - Maximum element: 7
2022-02-26 22:31:43.061 [main] INFO  by.mishastoma.customarray.service.impl.CustomArrayServiceImpl - Maximum element: 0
2022-02-26 22:37:20.253 [main] INFO  by.mishastoma.customarray.service.impl.CustomArrayServiceImpl - Maximum element: 55
2022-02-26 22:37:20.264 [main] INFO  by.mishastoma.customarray.service.impl.CustomArrayServiceImpl - Maximum element: -2
2022-02-26 22:37:20.266 [main] INFO  by.mishastoma.customarray.service.impl.CustomArrayServiceImpl - Maximum element: 7
2022-02-26 22:37:20.267 [main] INFO  by.mishastoma.customarray.service.impl.CustomArrayServiceImpl - Maximum element: 0
2022-02-26 22:37:20.269 [main] INFO  by.mishastoma.customarray.service.impl.CustomArrayServiceImpl - Minimum element: -4
2022-02-26 22:37:20.272 [main] INFO  by.mishastoma.customarray.service.impl.CustomArrayServiceImpl - Minimum element: -11
2022-02-26 22:37:20.274 [main] INFO  by.mishastoma.customarray.service.impl.CustomArrayServiceImpl - Minimum element: 1
2022-02-26 22:37:20.275 [main] INFO  by.mishastoma.customarray.service.impl.CustomArrayServiceImpl - Minimum element: 0
2022-02-26 22:43:06.111 [main] ERROR by.mishastoma.customarray.service.impl.CustomArrayServiceImpl - Empty array exception
2022-02-26 22:43:06.118 [main] ERROR by.mishastoma.customarray.service.impl.CustomArrayServiceImpl - Empty array exception
2022-02-26 22:43:06.124 [main] ERROR by.mishastoma.customarray.service.impl.CustomArrayServiceImpl - Empty array exception
2022-02-26 22:43:06.128 [main] ERROR by.mishastoma.customarray.service.impl.CustomArrayServiceImpl - Empty array exception
2022-02-26 22:43:06.132 [main] ERROR by.mishastoma.customarray.service.impl.CustomArrayServiceImpl - Empty array exception
2022-02-26 22:43:06.139 [main] INFO  by.mishastoma.customarray.service.impl.CustomArrayServiceImpl - Maximum element: 55
2022-02-26 22:43:06.143 [main] ERROR by.mishastoma.customarray.service.impl.CustomArrayServiceImpl - Empty array exception
2022-02-26 22:43:06.145 [main] INFO  by.mishastoma.customarray.service.impl.CustomArrayServiceImpl - Maximum element: -2
2022-02-26 22:43:06.146 [main] INFO  by.mishastoma.customarray.service.impl.CustomArrayServiceImpl - Maximum element: 7
2022-02-26 22:43:06.148 [main] INFO  by.mishastoma.customarray.service.impl.CustomArrayServiceImpl - Maximum element: 0
2022-02-26 22:43:06.150 [main] INFO  by.mishastoma.customarray.service.impl.CustomArrayServiceImpl - Minimum element: -4
2022-02-26 22:43:06.152 [main] ERROR by.mishastoma.customarray.service.impl.CustomArrayServiceImpl - Empty array exception
2022-02-26 22:43:06.154 [main] INFO  by.mishastoma.customarray.service.impl.CustomArrayServiceImpl - Minimum element: -11
2022-02-26 22:43:06.156 [main] INFO  by.mishastoma.customarray.service.impl.CustomArrayServiceImpl - Minimum element: 1
2022-02-26 22:43:06.157 [main] INFO  by.mishastoma.customarray.service.impl.CustomArrayServiceImpl - Minimum element: 0
2022-02-26 22:46:19.937 [main] INFO  by.mishastoma.customarray.service.impl.CustomArrayServiceImpl - Sum of elements: 76
2022-02-26 22:46:19.940 [main] INFO  by.mishastoma.customarray.service.impl.CustomArrayServiceImpl - Average: 12.666666666666666
2022-02-26 22:46:19.955 [main] ERROR by.mishastoma.customarray.service.impl.CustomArrayServiceImpl - Empty array exception
2022-02-26 22:46:19.956 [main] INFO  by.mishastoma.customarray.service.impl.CustomArrayServiceImpl - Sum of elements: -37
2022-02-26 22:46:19.956 [main] INFO  by.mishastoma.customarray.service.impl.CustomArrayServiceImpl - Average: -5.285714285714286
2022-02-26 22:46:19.959 [main] INFO  by.mishastoma.customarray.service.impl.CustomArrayServiceImpl - Sum of elements: 23
2022-02-26 22:46:19.959 [main] INFO  by.mishastoma.customarray.service.impl.CustomArrayServiceImpl - Average: 3.8333333333333335
2022-02-26 22:46:19.963 [main] INFO  by.mishastoma.customarray.service.impl.CustomArrayServiceImpl - Sum of elements: 0
2022-02-26 22:46:19.963 [main] INFO  by.mishastoma.customarray.service.impl.CustomArrayServiceImpl - Average: 0.0
2022-02-26 22:46:19.967 [main] ERROR by.mishastoma.customarray.service.impl.CustomArrayServiceImpl - Empty array exception
2022-02-26 22:46:19.976 [main] ERROR by.mishastoma.customarray.service.impl.CustomArrayServiceImpl - Empty array exception
2022-02-26 22:46:19.984 [main] ERROR by.mishastoma.customarray.service.impl.CustomArrayServiceImpl - Empty array exception
2022-02-26 22:46:19.992 [main] ERROR by.mishastoma.customarray.service.impl.CustomArrayServiceImpl - Empty array exception
2022-02-26 22:46:20.000 [main] INFO  by.mishastoma.customarray.service.impl.CustomArrayServiceImpl - Maximum element: 55
2022-02-26 22:46:20.002 [main] ERROR by.mishastoma.customarray.service.impl.CustomArrayServiceImpl - Empty array exception
2022-02-26 22:46:20.004 [main] INFO  by.mishastoma.customarray.service.impl.CustomArrayServiceImpl - Maximum element: -2
2022-02-26 22:46:20.007 [main] INFO  by.mishastoma.customarray.service.impl.CustomArrayServiceImpl - Maximum element: 7
2022-02-26 22:46:20.008 [main] INFO  by.mishastoma.customarray.service.impl.CustomArrayServiceImpl - Maximum element: 0
2022-02-26 22:46:20.010 [main] INFO  by.mishastoma.customarray.service.impl.CustomArrayServiceImpl - Minimum element: -4
2022-02-26 22:46:20.012 [main] ERROR by.mishastoma.customarray.service.impl.CustomArrayServiceImpl - Empty array exception
2022-02-26 22:46:20.013 [main] INFO  by.mishastoma.customarray.service.impl.CustomArrayServiceImpl - Minimum element: -11
2022-02-26 22:46:20.015 [main] INFO  by.mishastoma.customarray.service.impl.CustomArrayServiceImpl - Minimum element: 1
2022-02-26 22:46:20.018 [main] INFO  by.mishastoma.customarray.service.impl.CustomArrayServiceImpl - Minimum element: 0
2022-02-26 22:47:00.729 [main] INFO  by.mishastoma.customarray.service.impl.CustomArrayServiceImpl - Sum of elements: 76
2022-02-26 22:47:00.732 [main] INFO  by.mishastoma.customarray.service.impl.CustomArrayServiceImpl - Average: 12.666666666666666
2022-02-26 22:47:00.738 [main] ERROR by.mishastoma.customarray.service.impl.CustomArrayServiceImpl - Empty array exception
2022-02-26 22:47:00.740 [main] INFO  by.mishastoma.customarray.service.impl.CustomArrayServiceImpl - Sum of elements: -37
2022-02-26 22:47:00.740 [main] INFO  by.mishastoma.customarray.service.impl.CustomArrayServiceImpl - Average: -5.285714285714286
2022-02-26 22:47:00.742 [main] INFO  by.mishastoma.customarray.service.impl.CustomArrayServiceImpl - Sum of elements: 23
2022-02-26 22:47:00.742 [main] INFO  by.mishastoma.customarray.service.impl.CustomArrayServiceImpl - Average: 3.8333333333333335
2022-02-26 22:47:00.744 [main] INFO  by.mishastoma.customarray.service.impl.CustomArrayServiceImpl - Sum of elements: 0
2022-02-26 22:47:00.745 [main] INFO  by.mishastoma.customarray.service.impl.CustomArrayServiceImpl - Average: 0.0
2022-02-26 22:47:00.747 [main] ERROR by.mishastoma.customarray.service.impl.CustomArrayServiceImpl - Empty array exception
2022-02-26 22:47:00.755 [main] ERROR by.mishastoma.customarray.service.impl.CustomArrayServiceImpl - Empty array exception
2022-02-26 22:47:00.761 [main] ERROR by.mishastoma.customarray.service.impl.CustomArrayServiceImpl - Empty array exception
2022-02-26 22:47:00.766 [main] ERROR by.mishastoma.customarray.service.impl.CustomArrayServiceImpl - Empty array exception
2022-02-26 22:47:00.772 [main] INFO  by.mishastoma.customarray.service.impl.CustomArrayServiceImpl - Maximum element: 55
2022-02-26 22:47:00.774 [main] ERROR by.mishastoma.customarray.service.impl.CustomArrayServiceImpl - Empty array exception
2022-02-26 22:47:00.775 [main] INFO  by.mishastoma.customarray.service.impl.CustomArrayServiceImpl - Maximum element: -2
2022-02-26 22:47:00.777 [main] INFO  by.mishastoma.customarray.service.impl.CustomArrayServiceImpl - Maximum element: 7
2022-02-26 22:47:00.778 [main] INFO  by.mishastoma.customarray.service.impl.CustomArrayServiceImpl - Maximum element: 0
2022-02-26 22:47:00.780 [main] INFO  by.mishastoma.customarray.service.impl.CustomArrayServiceImpl - Minimum element: -4
2022-02-26 22:47:00.782 [main] ERROR by.mishastoma.customarray.service.impl.CustomArrayServiceImpl - Empty array exception
2022-02-26 22:47:00.784 [main] INFO  by.mishastoma.customarray.service.impl.CustomArrayServiceImpl - Minimum element: -11
2022-02-26 22:47:00.786 [main] INFO  by.mishastoma.customarray.service.impl.CustomArrayServiceImpl - Minimum element: 1
2022-02-26 22:47:00.788 [main] INFO  by.mishastoma.customarray.service.impl.CustomArrayServiceImpl - Minimum element: 0
2022-02-26 22:49:13.532 [main] INFO  by.mishastoma.customarray.service.impl.CustomArrayServiceImpl - Sum of elements: 76
2022-02-26 22:49:13.536 [main] INFO  by.mishastoma.customarray.service.impl.CustomArrayServiceImpl - Average: 12.666666666666666
2022-02-26 22:49:13.543 [main] ERROR by.mishastoma.customarray.service.impl.CustomArrayServiceImpl - Empty array exception
2022-02-26 22:49:13.546 [main] INFO  by.mishastoma.customarray.service.impl.CustomArrayServiceImpl - Sum of elements: -37
2022-02-26 22:49:13.546 [main] INFO  by.mishastoma.customarray.service.impl.CustomArrayServiceImpl - Average: -5.285714285714286
2022-02-26 22:49:13.548 [main] INFO  by.mishastoma.customarray.service.impl.CustomArrayServiceImpl - Sum of elements: 23
2022-02-26 22:49:13.548 [main] INFO  by.mishastoma.customarray.service.impl.CustomArrayServiceImpl - Average: 3.8333333333333335
2022-02-26 22:49:13.551 [main] INFO  by.mishastoma.customarray.service.impl.CustomArrayServiceImpl - Sum of elements: 0
2022-02-26 22:49:13.551 [main] INFO  by.mishastoma.customarray.service.impl.CustomArrayServiceImpl - Average: 0.0
2022-02-26 22:49:13.554 [main] ERROR by.mishastoma.customarray.service.impl.CustomArrayServiceImpl - Empty array exception
2022-02-26 22:49:13.561 [main] ERROR by.mishastoma.customarray.service.impl.CustomArrayServiceImpl - Empty array exception
2022-02-26 22:49:13.566 [main] INFO  by.mishastoma.customarray.service.impl.CustomArrayServiceImpl - Sum of elements: 76
2022-02-26 22:49:13.568 [main] ERROR by.mishastoma.customarray.service.impl.CustomArrayServiceImpl - Empty array exception
2022-02-26 22:49:13.570 [main] INFO  by.mishastoma.customarray.service.impl.CustomArrayServiceImpl - Sum of elements: -37
2022-02-26 22:49:13.572 [main] INFO  by.mishastoma.customarray.service.impl.CustomArrayServiceImpl - Sum of elements: 23
2022-02-26 22:49:13.573 [main] INFO  by.mishastoma.customarray.service.impl.CustomArrayServiceImpl - Sum of elements: 0
2022-02-26 22:49:13.576 [main] ERROR by.mishastoma.customarray.service.impl.CustomArrayServiceImpl - Empty array exception
2022-02-26 22:49:13.582 [main] INFO  by.mishastoma.customarray.service.impl.CustomArrayServiceImpl - Maximum element: 55
2022-02-26 22:49:13.583 [main] ERROR by.mishastoma.customarray.service.impl.CustomArrayServiceImpl - Empty array exception
2022-02-26 22:49:13.585 [main] INFO  by.mishastoma.customarray.service.impl.CustomArrayServiceImpl - Maximum element: -2
2022-02-26 22:49:13.587 [main] INFO  by.mishastoma.customarray.service.impl.CustomArrayServiceImpl - Maximum element: 7
2022-02-26 22:49:13.590 [main] INFO  by.mishastoma.customarray.service.impl.CustomArrayServiceImpl - Maximum element: 0
2022-02-26 22:49:13.592 [main] INFO  by.mishastoma.customarray.service.impl.CustomArrayServiceImpl - Minimum element: -4
2022-02-26 22:49:13.593 [main] ERROR by.mishastoma.customarray.service.impl.CustomArrayServiceImpl - Empty array exception
2022-02-26 22:49:13.595 [main] INFO  by.mishastoma.customarray.service.impl.CustomArrayServiceImpl - Minimum element: -11
2022-02-26 22:49:13.596 [main] INFO  by.mishastoma.customarray.service.impl.CustomArrayServiceImpl - Minimum element: 1
2022-02-26 22:49:13.597 [main] INFO  by.mishastoma.customarray.service.impl.CustomArrayServiceImpl - Minimum element: 0
2022-02-26 22:54:54.771 [main] INFO  by.mishastoma.customarray.service.impl.CustomArraySortImpl - Bubble sort finished. Sorted array is: [-4, 0, 2, 11, 12, 55]
2022-02-26 22:54:54.782 [main] ERROR by.mishastoma.customarray.service.impl.CustomArraySortImpl - Empty array exception
2022-02-26 22:54:54.785 [main] INFO  by.mishastoma.customarray.service.impl.CustomArraySortImpl - Bubble sort finished. Sorted array is: [-11, -7, -6, -5, -4, -2, -2]
2022-02-26 22:54:54.787 [main] INFO  by.mishastoma.customarray.service.impl.CustomArraySortImpl - Bubble sort finished. Sorted array is: [1, 2, 4, 4, 5, 7]
2022-02-26 22:54:54.789 [main] INFO  by.mishastoma.customarray.service.impl.CustomArraySortImpl - Bubble sort finished. Sorted array is: [0, 0, 0, 0, 0, 0, 0]
2022-02-26 22:54:54.791 [main] INFO  by.mishastoma.customarray.service.impl.CustomArraySortImpl - Gnome sort finished. Sorted array is: [-4, 0, 2, 11, 12, 55]
2022-02-26 22:54:54.794 [main] ERROR by.mishastoma.customarray.service.impl.CustomArraySortImpl - Empty array exception
2022-02-26 22:54:54.797 [main] INFO  by.mishastoma.customarray.service.impl.CustomArraySortImpl - Gnome sort finished. Sorted array is: [-11, -7, -6, -5, -4, -2, -2]
2022-02-26 22:54:54.799 [main] INFO  by.mishastoma.customarray.service.impl.CustomArraySortImpl - Gnome sort finished. Sorted array is: [1, 2, 4, 4, 5, 7]
2022-02-26 22:54:54.801 [main] INFO  by.mishastoma.customarray.service.impl.CustomArraySortImpl - Gnome sort finished. Sorted array is: [0, 0, 0, 0, 0, 0, 0]
2022-02-26 22:54:54.803 [main] INFO  by.mishastoma.customarray.service.impl.CustomArraySortImpl - Selection sort finished. Sorted array is: [-4, 0, 2, 11, 12, 55]
2022-02-26 22:54:54.805 [main] ERROR by.mishastoma.customarray.service.impl.CustomArraySortImpl - Empty array exception
2022-02-26 22:54:54.806 [main] INFO  by.mishastoma.customarray.service.impl.CustomArraySortImpl - Selection sort finished. Sorted array is: [-11, -7, -6, -5, -4, -2, -2]
2022-02-26 22:54:54.807 [main] INFO  by.mishastoma.customarray.service.impl.CustomArraySortImpl - Selection sort finished. Sorted array is: [1, 2, 4, 4, 5, 7]
2022-02-26 22:54:54.809 [main] INFO  by.mishastoma.customarray.service.impl.CustomArraySortImpl - Selection sort finished. Sorted array is: [0, 0, 0, 0, 0, 0, 0]
2022-02-26 22:54:59.886 [main] INFO  by.mishastoma.customarray.service.impl.CustomArrayServiceImpl - Sum of elements: 76
2022-02-26 22:54:59.890 [main] INFO  by.mishastoma.customarray.service.impl.CustomArrayServiceImpl - Average: 12.666666666666666
2022-02-26 22:54:59.898 [main] ERROR by.mishastoma.customarray.service.impl.CustomArrayServiceImpl - Empty array exception
2022-02-26 22:54:59.900 [main] INFO  by.mishastoma.customarray.service.impl.CustomArrayServiceImpl - Sum of elements: -37
2022-02-26 22:54:59.900 [main] INFO  by.mishastoma.customarray.service.impl.CustomArrayServiceImpl - Average: -5.285714285714286
2022-02-26 22:54:59.901 [main] INFO  by.mishastoma.customarray.service.impl.CustomArrayServiceImpl - Sum of elements: 23
2022-02-26 22:54:59.902 [main] INFO  by.mishastoma.customarray.service.impl.CustomArrayServiceImpl - Average: 3.8333333333333335
2022-02-26 22:54:59.905 [main] INFO  by.mishastoma.customarray.service.impl.CustomArrayServiceImpl - Sum of elements: 0
2022-02-26 22:54:59.905 [main] INFO  by.mishastoma.customarray.service.impl.CustomArrayServiceImpl - Average: 0.0
2022-02-26 22:54:59.908 [main] ERROR by.mishastoma.customarray.service.impl.CustomArrayServiceImpl - Empty array exception
2022-02-26 22:54:59.914 [main] ERROR by.mishastoma.customarray.service.impl.CustomArrayServiceImpl - Empty array exception
2022-02-26 22:54:59.919 [main] INFO  by.mishastoma.customarray.service.impl.CustomArrayServiceImpl - Sum of elements: 76
2022-02-26 22:54:59.921 [main] ERROR by.mishastoma.customarray.service.impl.CustomArrayServiceImpl - Empty array exception
2022-02-26 22:54:59.922 [main] INFO  by.mishastoma.customarray.service.impl.CustomArrayServiceImpl - Sum of elements: -37
2022-02-26 22:54:59.924 [main] INFO  by.mishastoma.customarray.service.impl.CustomArrayServiceImpl - Sum of elements: 23
2022-02-26 22:54:59.925 [main] INFO  by.mishastoma.customarray.service.impl.CustomArrayServiceImpl - Sum of elements: 0
2022-02-26 22:54:59.927 [main] INFO  by.mishastoma.customarray.service.impl.CustomArrayServiceImpl - Changed negative elements to zero. Array: [2, 0, 12, 55, 0, 11]
2022-02-26 22:54:59.929 [main] ERROR by.mishastoma.customarray.service.impl.CustomArrayServiceImpl - Empty array exception
2022-02-26 22:54:59.932 [main] INFO  by.mishastoma.customarray.service.impl.CustomArrayServiceImpl - Changed negative elements to zero. Array: [0, 0, 0, 0, 0, 0, 0]
2022-02-26 22:54:59.933 [main] INFO  by.mishastoma.customarray.service.impl.CustomArrayServiceImpl - Changed negative elements to zero. Array: [1, 4, 5, 7, 2, 4]
2022-02-26 22:54:59.936 [main] INFO  by.mishastoma.customarray.service.impl.CustomArrayServiceImpl - Changed negative elements to zero. Array: [0, 0, 0, 0, 0, 0, 0]
2022-02-26 22:54:59.937 [main] INFO  by.mishastoma.customarray.service.impl.CustomArrayServiceImpl - Maximum element: 55
2022-02-26 22:54:59.939 [main] ERROR by.mishastoma.customarray.service.impl.CustomArrayServiceImpl - Empty array exception
2022-02-26 22:54:59.941 [main] INFO  by.mishastoma.customarray.service.impl.CustomArrayServiceImpl - Maximum element: -2
2022-02-26 22:54:59.943 [main] INFO  by.mishastoma.customarray.service.impl.CustomArrayServiceImpl - Maximum element: 7
2022-02-26 22:54:59.944 [main] INFO  by.mishastoma.customarray.service.impl.CustomArrayServiceImpl - Maximum element: 0
2022-02-26 22:54:59.946 [main] INFO  by.mishastoma.customarray.service.impl.CustomArrayServiceImpl - Minimum element: -4
2022-02-26 22:54:59.948 [main] ERROR by.mishastoma.customarray.service.impl.CustomArrayServiceImpl - Empty array exception
2022-02-26 22:54:59.952 [main] INFO  by.mishastoma.customarray.service.impl.CustomArrayServiceImpl - Minimum element: -11
2022-02-26 22:54:59.953 [main] INFO  by.mishastoma.customarray.service.impl.CustomArrayServiceImpl - Minimum element: 1
2022-02-26 22:54:59.962 [main] INFO  by.mishastoma.customarray.service.impl.CustomArrayServiceImpl - Minimum element: 0
2022-02-26 22:56:28.559 [main] INFO  by.mishastoma.customarray.service.impl.CustomArrayServiceImpl - Sum of elements: 76
2022-02-26 22:56:28.561 [main] INFO  by.mishastoma.customarray.service.impl.CustomArrayServiceImpl - Average: 12.666666666666666
2022-02-26 22:56:28.569 [main] ERROR by.mishastoma.customarray.service.impl.CustomArrayServiceImpl - Empty array exception
2022-02-26 22:56:28.571 [main] INFO  by.mishastoma.customarray.service.impl.CustomArrayServiceImpl - Sum of elements: -37
2022-02-26 22:56:28.572 [main] INFO  by.mishastoma.customarray.service.impl.CustomArrayServiceImpl - Average: -5.285714285714286
2022-02-26 22:56:28.574 [main] INFO  by.mishastoma.customarray.service.impl.CustomArrayServiceImpl - Sum of elements: 23
2022-02-26 22:56:28.574 [main] INFO  by.mishastoma.customarray.service.impl.CustomArrayServiceImpl - Average: 3.8333333333333335
2022-02-26 22:56:28.575 [main] INFO  by.mishastoma.customarray.service.impl.CustomArrayServiceImpl - Sum of elements: 0
2022-02-26 22:56:28.576 [main] INFO  by.mishastoma.customarray.service.impl.CustomArrayServiceImpl - Average: 0.0
2022-02-26 22:56:28.578 [main] ERROR by.mishastoma.customarray.service.impl.CustomArrayServiceImpl - Empty array exception
2022-02-26 22:56:28.583 [main] ERROR by.mishastoma.customarray.service.impl.CustomArrayServiceImpl - Empty array exception
2022-02-26 22:56:28.590 [main] INFO  by.mishastoma.customarray.service.impl.CustomArrayServiceImpl - Sum of elements: 76
2022-02-26 22:56:28.592 [main] ERROR by.mishastoma.customarray.service.impl.CustomArrayServiceImpl - Empty array exception
2022-02-26 22:56:28.594 [main] INFO  by.mishastoma.customarray.service.impl.CustomArrayServiceImpl - Sum of elements: -37
2022-02-26 22:56:28.596 [main] INFO  by.mishastoma.customarray.service.impl.CustomArrayServiceImpl - Sum of elements: 23
2022-02-26 22:56:28.599 [main] INFO  by.mishastoma.customarray.service.impl.CustomArrayServiceImpl - Sum of elements: 0
2022-02-26 22:56:28.601 [main] INFO  by.mishastoma.customarray.service.impl.CustomArrayServiceImpl - Changed negative elements to zero. Array: [2, 0, 12, 55, 0, 11]
2022-02-26 22:56:28.605 [main] ERROR by.mishastoma.customarray.service.impl.CustomArrayServiceImpl - Empty array exception
2022-02-26 22:56:28.607 [main] INFO  by.mishastoma.customarray.service.impl.CustomArrayServiceImpl - Changed negative elements to zero. Array: [0, 0, 0, 0, 0, 0, 0]
2022-02-26 22:56:28.609 [main] INFO  by.mishastoma.customarray.service.impl.CustomArrayServiceImpl - Changed negative elements to zero. Array: [1, 4, 5, 7, 2, 4]
2022-02-26 22:56:28.611 [main] INFO  by.mishastoma.customarray.service.impl.CustomArrayServiceImpl - Changed negative elements to zero. Array: [0, 0, 0, 0, 0, 0, 0]
2022-02-26 22:56:28.612 [main] INFO  by.mishastoma.customarray.service.impl.CustomArrayServiceImpl - Maximum element: 55
2022-02-26 22:56:28.616 [main] ERROR by.mishastoma.customarray.service.impl.CustomArrayServiceImpl - Empty array exception
2022-02-26 22:56:28.618 [main] INFO  by.mishastoma.customarray.service.impl.CustomArrayServiceImpl - Maximum element: -2
2022-02-26 22:56:28.620 [main] INFO  by.mishastoma.customarray.service.impl.CustomArrayServiceImpl - Maximum element: 7
2022-02-26 22:56:28.623 [main] INFO  by.mishastoma.customarray.service.impl.CustomArrayServiceImpl - Maximum element: 0
2022-02-26 22:56:28.625 [main] INFO  by.mishastoma.customarray.service.impl.CustomArrayServiceImpl - Minimum element: -4
2022-02-26 22:56:28.627 [main] ERROR by.mishastoma.customarray.service.impl.CustomArrayServiceImpl - Empty array exception
2022-02-26 22:56:28.629 [main] INFO  by.mishastoma.customarray.service.impl.CustomArrayServiceImpl - Minimum element: -11
2022-02-26 22:56:28.633 [main] INFO  by.mishastoma.customarray.service.impl.CustomArrayServiceImpl - Minimum element: 1
2022-02-26 22:56:28.641 [main] INFO  by.mishastoma.customarray.service.impl.CustomArrayServiceImpl - Minimum element: 0
2022-02-26 22:57:52.361 [main] INFO  by.mishastoma.customarray.service.impl.CustomArrayServiceImpl - Sum of elements: 76
2022-02-26 22:57:52.364 [main] INFO  by.mishastoma.customarray.service.impl.CustomArrayServiceImpl - Average: 12.666666666666666
2022-02-26 22:57:52.371 [main] ERROR by.mishastoma.customarray.service.impl.CustomArrayServiceImpl - Empty array exception
2022-02-26 22:57:52.372 [main] INFO  by.mishastoma.customarray.service.impl.CustomArrayServiceImpl - Sum of elements: -37
2022-02-26 22:57:52.373 [main] INFO  by.mishastoma.customarray.service.impl.CustomArrayServiceImpl - Average: -5.285714285714286
2022-02-26 22:57:52.374 [main] INFO  by.mishastoma.customarray.service.impl.CustomArrayServiceImpl - Sum of elements: 23
2022-02-26 22:57:52.375 [main] INFO  by.mishastoma.customarray.service.impl.CustomArrayServiceImpl - Average: 3.8333333333333335
2022-02-26 22:57:52.376 [main] INFO  by.mishastoma.customarray.service.impl.CustomArrayServiceImpl - Sum of elements: 0
2022-02-26 22:57:52.377 [main] INFO  by.mishastoma.customarray.service.impl.CustomArrayServiceImpl - Average: 0.0
2022-02-26 22:57:52.378 [main] INFO  by.mishastoma.customarray.service.impl.CustomArrayServiceImpl - Number of negative elements: 1
2022-02-26 22:57:52.380 [main] ERROR by.mishastoma.customarray.service.impl.CustomArrayServiceImpl - Empty array exception
2022-02-26 22:57:52.381 [main] INFO  by.mishastoma.customarray.service.impl.CustomArrayServiceImpl - Number of negative elements: 7
2022-02-26 22:57:52.383 [main] INFO  by.mishastoma.customarray.service.impl.CustomArrayServiceImpl - Number of negative elements: 0
2022-02-26 22:57:52.385 [main] INFO  by.mishastoma.customarray.service.impl.CustomArrayServiceImpl - Number of negative elements: 0
2022-02-26 22:57:52.387 [main] ERROR by.mishastoma.customarray.service.impl.CustomArrayServiceImpl - Empty array exception
2022-02-26 22:57:52.392 [main] INFO  by.mishastoma.customarray.service.impl.CustomArrayServiceImpl - Sum of elements: 76
2022-02-26 22:57:52.393 [main] ERROR by.mishastoma.customarray.service.impl.CustomArrayServiceImpl - Empty array exception
2022-02-26 22:57:52.394 [main] INFO  by.mishastoma.customarray.service.impl.CustomArrayServiceImpl - Sum of elements: -37
2022-02-26 22:57:52.396 [main] INFO  by.mishastoma.customarray.service.impl.CustomArrayServiceImpl - Sum of elements: 23
2022-02-26 22:57:52.397 [main] INFO  by.mishastoma.customarray.service.impl.CustomArrayServiceImpl - Sum of elements: 0
2022-02-26 22:57:52.398 [main] INFO  by.mishastoma.customarray.service.impl.CustomArrayServiceImpl - Changed negative elements to zero. Array: [2, 0, 12, 55, 0, 11]
2022-02-26 22:57:52.399 [main] ERROR by.mishastoma.customarray.service.impl.CustomArrayServiceImpl - Empty array exception
2022-02-26 22:57:52.400 [main] INFO  by.mishastoma.customarray.service.impl.CustomArrayServiceImpl - Changed negative elements to zero. Array: [0, 0, 0, 0, 0, 0, 0]
2022-02-26 22:57:52.402 [main] INFO  by.mishastoma.customarray.service.impl.CustomArrayServiceImpl - Changed negative elements to zero. Array: [1, 4, 5, 7, 2, 4]
2022-02-26 22:57:52.403 [main] INFO  by.mishastoma.customarray.service.impl.CustomArrayServiceImpl - Changed negative elements to zero. Array: [0, 0, 0, 0, 0, 0, 0]
2022-02-26 22:57:52.404 [main] INFO  by.mishastoma.customarray.service.impl.CustomArrayServiceImpl - Maximum element: 55
2022-02-26 22:57:52.406 [main] ERROR by.mishastoma.customarray.service.impl.CustomArrayServiceImpl - Empty array exception
2022-02-26 22:57:52.408 [main] INFO  by.mishastoma.customarray.service.impl.CustomArrayServiceImpl - Maximum element: -2
2022-02-26 22:57:52.409 [main] INFO  by.mishastoma.customarray.service.impl.CustomArrayServiceImpl - Maximum element: 7
2022-02-26 22:57:52.410 [main] INFO  by.mishastoma.customarray.service.impl.CustomArrayServiceImpl - Maximum element: 0
2022-02-26 22:57:52.412 [main] INFO  by.mishastoma.customarray.service.impl.CustomArrayServiceImpl - Minimum element: -4
2022-02-26 22:57:52.413 [main] ERROR by.mishastoma.customarray.service.impl.CustomArrayServiceImpl - Empty array exception
2022-02-26 22:57:52.415 [main] INFO  by.mishastoma.customarray.service.impl.CustomArrayServiceImpl - Minimum element: -11
2022-02-26 22:57:52.423 [main] INFO  by.mishastoma.customarray.service.impl.CustomArrayServiceImpl - Minimum element: 1
2022-02-26 22:57:52.425 [main] INFO  by.mishastoma.customarray.service.impl.CustomArrayServiceImpl - Minimum element: 0
2022-02-26 22:59:13.931 [main] INFO  by.mishastoma.customarray.service.impl.CustomArrayServiceImpl - Sum of elements: 76
2022-02-26 22:59:13.934 [main] INFO  by.mishastoma.customarray.service.impl.CustomArrayServiceImpl - Average: 12.666666666666666
2022-02-26 22:59:13.941 [main] ERROR by.mishastoma.customarray.service.impl.CustomArrayServiceImpl - Empty array exception
2022-02-26 22:59:13.943 [main] INFO  by.mishastoma.customarray.service.impl.CustomArrayServiceImpl - Sum of elements: -37
2022-02-26 22:59:13.943 [main] INFO  by.mishastoma.customarray.service.impl.CustomArrayServiceImpl - Average: -5.285714285714286
2022-02-26 22:59:13.944 [main] INFO  by.mishastoma.customarray.service.impl.CustomArrayServiceImpl - Sum of elements: 23
2022-02-26 22:59:13.945 [main] INFO  by.mishastoma.customarray.service.impl.CustomArrayServiceImpl - Average: 3.8333333333333335
2022-02-26 22:59:13.947 [main] INFO  by.mishastoma.customarray.service.impl.CustomArrayServiceImpl - Sum of elements: 0
2022-02-26 22:59:13.948 [main] INFO  by.mishastoma.customarray.service.impl.CustomArrayServiceImpl - Average: 0.0
2022-02-26 22:59:13.949 [main] INFO  by.mishastoma.customarray.service.impl.CustomArrayServiceImpl - Number of negative elements: 1
2022-02-26 22:59:13.950 [main] ERROR by.mishastoma.customarray.service.impl.CustomArrayServiceImpl - Empty array exception
2022-02-26 22:59:13.952 [main] INFO  by.mishastoma.customarray.service.impl.CustomArrayServiceImpl - Number of negative elements: 7
2022-02-26 22:59:13.954 [main] INFO  by.mishastoma.customarray.service.impl.CustomArrayServiceImpl - Number of negative elements: 0
2022-02-26 22:59:13.955 [main] INFO  by.mishastoma.customarray.service.impl.CustomArrayServiceImpl - Number of negative elements: 0
2022-02-26 22:59:13.957 [main] INFO  by.mishastoma.customarray.service.impl.CustomArrayServiceImpl - Number of positive elements: 4
2022-02-26 22:59:13.968 [main] ERROR by.mishastoma.customarray.service.impl.CustomArrayServiceImpl - Empty array exception
2022-02-26 22:59:13.970 [main] INFO  by.mishastoma.customarray.service.impl.CustomArrayServiceImpl - Number of positive elements: 0
2022-02-26 22:59:13.972 [main] INFO  by.mishastoma.customarray.service.impl.CustomArrayServiceImpl - Number of positive elements: 6
2022-02-26 22:59:13.974 [main] INFO  by.mishastoma.customarray.service.impl.CustomArrayServiceImpl - Number of positive elements: 0
2022-02-26 22:59:13.976 [main] INFO  by.mishastoma.customarray.service.impl.CustomArrayServiceImpl - Sum of elements: 76
2022-02-26 22:59:13.977 [main] ERROR by.mishastoma.customarray.service.impl.CustomArrayServiceImpl - Empty array exception
2022-02-26 22:59:13.979 [main] INFO  by.mishastoma.customarray.service.impl.CustomArrayServiceImpl - Sum of elements: -37
2022-02-26 22:59:13.980 [main] INFO  by.mishastoma.customarray.service.impl.CustomArrayServiceImpl - Sum of elements: 23
2022-02-26 22:59:13.982 [main] INFO  by.mishastoma.customarray.service.impl.CustomArrayServiceImpl - Sum of elements: 0
2022-02-26 22:59:13.984 [main] INFO  by.mishastoma.customarray.service.impl.CustomArrayServiceImpl - Changed negative elements to zero. Array: [2, 0, 12, 55, 0, 11]
2022-02-26 22:59:13.986 [main] ERROR by.mishastoma.customarray.service.impl.CustomArrayServiceImpl - Empty array exception
2022-02-26 22:59:13.988 [main] INFO  by.mishastoma.customarray.service.impl.CustomArrayServiceImpl - Changed negative elements to zero. Array: [0, 0, 0, 0, 0, 0, 0]
2022-02-26 22:59:13.990 [main] INFO  by.mishastoma.customarray.service.impl.CustomArrayServiceImpl - Changed negative elements to zero. Array: [1, 4, 5, 7, 2, 4]
2022-02-26 22:59:13.993 [main] INFO  by.mishastoma.customarray.service.impl.CustomArrayServiceImpl - Changed negative elements to zero. Array: [0, 0, 0, 0, 0, 0, 0]
2022-02-26 22:59:13.995 [main] INFO  by.mishastoma.customarray.service.impl.CustomArrayServiceImpl - Maximum element: 55
2022-02-26 22:59:13.996 [main] ERROR by.mishastoma.customarray.service.impl.CustomArrayServiceImpl - Empty array exception
2022-02-26 22:59:13.998 [main] INFO  by.mishastoma.customarray.service.impl.CustomArrayServiceImpl - Maximum element: -2
2022-02-26 22:59:13.999 [main] INFO  by.mishastoma.customarray.service.impl.CustomArrayServiceImpl - Maximum element: 7
2022-02-26 22:59:14.001 [main] INFO  by.mishastoma.customarray.service.impl.CustomArrayServiceImpl - Maximum element: 0
2022-02-26 22:59:14.003 [main] INFO  by.mishastoma.customarray.service.impl.CustomArrayServiceImpl - Minimum element: -4
2022-02-26 22:59:14.004 [main] ERROR by.mishastoma.customarray.service.impl.CustomArrayServiceImpl - Empty array exception
2022-02-26 22:59:14.005 [main] INFO  by.mishastoma.customarray.service.impl.CustomArrayServiceImpl - Minimum element: -11
2022-02-26 22:59:14.006 [main] INFO  by.mishastoma.customarray.service.impl.CustomArrayServiceImpl - Minimum element: 1
2022-02-26 22:59:14.008 [main] INFO  by.mishastoma.customarray.service.impl.CustomArrayServiceImpl - Minimum element: 0
2022-02-26 22:59:37.262 [main] INFO  by.mishastoma.customarray.service.impl.CustomArrayServiceImpl - Sum of elements: 76
2022-02-26 22:59:37.265 [main] INFO  by.mishastoma.customarray.service.impl.CustomArrayServiceImpl - Average: 12.666666666666666
2022-02-26 22:59:37.273 [main] ERROR by.mishastoma.customarray.service.impl.CustomArrayServiceImpl - Empty array exception
2022-02-26 22:59:37.276 [main] INFO  by.mishastoma.customarray.service.impl.CustomArrayServiceImpl - Sum of elements: -37
2022-02-26 22:59:37.277 [main] INFO  by.mishastoma.customarray.service.impl.CustomArrayServiceImpl - Average: -5.285714285714286
2022-02-26 22:59:37.279 [main] INFO  by.mishastoma.customarray.service.impl.CustomArrayServiceImpl - Sum of elements: 23
2022-02-26 22:59:37.280 [main] INFO  by.mishastoma.customarray.service.impl.CustomArrayServiceImpl - Average: 3.8333333333333335
2022-02-26 22:59:37.281 [main] INFO  by.mishastoma.customarray.service.impl.CustomArrayServiceImpl - Sum of elements: 0
2022-02-26 22:59:37.282 [main] INFO  by.mishastoma.customarray.service.impl.CustomArrayServiceImpl - Average: 0.0
2022-02-26 22:59:37.283 [main] INFO  by.mishastoma.customarray.service.impl.CustomArrayServiceImpl - Number of negative elements: 1
2022-02-26 22:59:37.285 [main] ERROR by.mishastoma.customarray.service.impl.CustomArrayServiceImpl - Empty array exception
2022-02-26 22:59:37.287 [main] INFO  by.mishastoma.customarray.service.impl.CustomArrayServiceImpl - Number of negative elements: 7
2022-02-26 22:59:37.288 [main] INFO  by.mishastoma.customarray.service.impl.CustomArrayServiceImpl - Number of negative elements: 0
2022-02-26 22:59:37.290 [main] INFO  by.mishastoma.customarray.service.impl.CustomArrayServiceImpl - Number of negative elements: 0
2022-02-26 22:59:37.293 [main] INFO  by.mishastoma.customarray.service.impl.CustomArrayServiceImpl - Number of positive elements: 4
2022-02-26 22:59:37.295 [main] ERROR by.mishastoma.customarray.service.impl.CustomArrayServiceImpl - Empty array exception
2022-02-26 22:59:37.298 [main] INFO  by.mishastoma.customarray.service.impl.CustomArrayServiceImpl - Number of positive elements: 0
2022-02-26 22:59:37.300 [main] INFO  by.mishastoma.customarray.service.impl.CustomArrayServiceImpl - Number of positive elements: 6
2022-02-26 22:59:37.301 [main] INFO  by.mishastoma.customarray.service.impl.CustomArrayServiceImpl - Number of positive elements: 0
2022-02-26 22:59:37.303 [main] INFO  by.mishastoma.customarray.service.impl.CustomArrayServiceImpl - Sum of elements: 76
2022-02-26 22:59:37.304 [main] ERROR by.mishastoma.customarray.service.impl.CustomArrayServiceImpl - Empty array exception
2022-02-26 22:59:37.305 [main] INFO  by.mishastoma.customarray.service.impl.CustomArrayServiceImpl - Sum of elements: -37
2022-02-26 22:59:37.307 [main] INFO  by.mishastoma.customarray.service.impl.CustomArrayServiceImpl - Sum of elements: 23
2022-02-26 22:59:37.308 [main] INFO  by.mishastoma.customarray.service.impl.CustomArrayServiceImpl - Sum of elements: 0
2022-02-26 22:59:37.310 [main] INFO  by.mishastoma.customarray.service.impl.CustomArrayServiceImpl - Changed negative elements to zero. Array: [2, 0, 12, 55, 0, 11]
2022-02-26 22:59:37.312 [main] ERROR by.mishastoma.customarray.service.impl.CustomArrayServiceImpl - Empty array exception
2022-02-26 22:59:37.314 [main] INFO  by.mishastoma.customarray.service.impl.CustomArrayServiceImpl - Changed negative elements to zero. Array: [0, 0, 0, 0, 0, 0, 0]
2022-02-26 22:59:37.316 [main] INFO  by.mishastoma.customarray.service.impl.CustomArrayServiceImpl - Changed negative elements to zero. Array: [1, 4, 5, 7, 2, 4]
2022-02-26 22:59:37.318 [main] INFO  by.mishastoma.customarray.service.impl.CustomArrayServiceImpl - Changed negative elements to zero. Array: [0, 0, 0, 0, 0, 0, 0]
2022-02-26 22:59:37.320 [main] INFO  by.mishastoma.customarray.service.impl.CustomArrayServiceImpl - Maximum element: 55
2022-02-26 22:59:37.322 [main] ERROR by.mishastoma.customarray.service.impl.CustomArrayServiceImpl - Empty array exception
2022-02-26 22:59:37.324 [main] INFO  by.mishastoma.customarray.service.impl.CustomArrayServiceImpl - Maximum element: -2
2022-02-26 22:59:37.325 [main] INFO  by.mishastoma.customarray.service.impl.CustomArrayServiceImpl - Maximum element: 7
2022-02-26 22:59:37.327 [main] INFO  by.mishastoma.customarray.service.impl.CustomArrayServiceImpl - Maximum element: 0
2022-02-26 22:59:37.329 [main] INFO  by.mishastoma.customarray.service.impl.CustomArrayServiceImpl - Minimum element: -4
2022-02-26 22:59:37.331 [main] ERROR by.mishastoma.customarray.service.impl.CustomArrayServiceImpl - Empty array exception
2022-02-26 22:59:37.332 [main] INFO  by.mishastoma.customarray.service.impl.CustomArrayServiceImpl - Minimum element: -11
2022-02-26 22:59:37.333 [main] INFO  by.mishastoma.customarray.service.impl.CustomArrayServiceImpl - Minimum element: 1
2022-02-26 22:59:37.334 [main] INFO  by.mishastoma.customarray.service.impl.CustomArrayServiceImpl - Minimum element: 0
