2022-02-27 18:05:38.098 [main] INFO  by.mishastoma.customarray.service.impl.CustomArrayServiceImpl - Sum of elements: 76
2022-02-27 18:05:38.103 [main] INFO  by.mishastoma.customarray.service.impl.CustomArrayServiceImpl - Average: 12.666666666666666
2022-02-27 18:05:38.114 [main] ERROR by.mishastoma.customarray.service.impl.CustomArrayServiceImpl - Empty array exception
2022-02-27 18:05:38.117 [main] INFO  by.mishastoma.customarray.service.impl.CustomArrayServiceImpl - Sum of elements: -37
2022-02-27 18:05:38.117 [main] INFO  by.mishastoma.customarray.service.impl.CustomArrayServiceImpl - Average: -5.285714285714286
2022-02-27 18:05:38.119 [main] INFO  by.mishastoma.customarray.service.impl.CustomArrayServiceImpl - Sum of elements: 23
2022-02-27 18:05:38.121 [main] INFO  by.mishastoma.customarray.service.impl.CustomArrayServiceImpl - Average: 3.8333333333333335
2022-02-27 18:05:38.123 [main] INFO  by.mishastoma.customarray.service.impl.CustomArrayServiceImpl - Sum of elements: 0
2022-02-27 18:05:38.124 [main] INFO  by.mishastoma.customarray.service.impl.CustomArrayServiceImpl - Average: 0.0
2022-02-27 18:05:38.130 [main] INFO  by.mishastoma.customarray.service.impl.CustomArrayServiceImpl - Number of negative elements: 1
2022-02-27 18:05:38.132 [main] ERROR by.mishastoma.customarray.service.impl.CustomArrayServiceImpl - Empty array exception
2022-02-27 18:05:38.135 [main] INFO  by.mishastoma.customarray.service.impl.CustomArrayServiceImpl - Number of negative elements: 7
2022-02-27 18:05:38.138 [main] INFO  by.mishastoma.customarray.service.impl.CustomArrayServiceImpl - Number of negative elements: 0
2022-02-27 18:05:38.140 [main] INFO  by.mishastoma.customarray.service.impl.CustomArrayServiceImpl - Number of negative elements: 0
2022-02-27 18:05:38.142 [main] INFO  by.mishastoma.customarray.service.impl.CustomArrayServiceImpl - Number of positive elements: 4
2022-02-27 18:05:38.145 [main] ERROR by.mishastoma.customarray.service.impl.CustomArrayServiceImpl - Empty array exception
2022-02-27 18:05:38.148 [main] INFO  by.mishastoma.customarray.service.impl.CustomArrayServiceImpl - Number of positive elements: 0
2022-02-27 18:05:38.149 [main] INFO  by.mishastoma.customarray.service.impl.CustomArrayServiceImpl - Number of positive elements: 6
2022-02-27 18:05:38.151 [main] INFO  by.mishastoma.customarray.service.impl.CustomArrayServiceImpl - Number of positive elements: 0
2022-02-27 18:05:38.152 [main] INFO  by.mishastoma.customarray.service.impl.CustomArrayServiceImpl - Sum of elements: 76
2022-02-27 18:05:38.153 [main] ERROR by.mishastoma.customarray.service.impl.CustomArrayServiceImpl - Empty array exception
2022-02-27 18:05:38.155 [main] INFO  by.mishastoma.customarray.service.impl.CustomArrayServiceImpl - Sum of elements: -37
2022-02-27 18:05:38.156 [main] INFO  by.mishastoma.customarray.service.impl.CustomArrayServiceImpl - Sum of elements: 23
2022-02-27 18:05:38.157 [main] INFO  by.mishastoma.customarray.service.impl.CustomArrayServiceImpl - Sum of elements: 0
2022-02-27 18:05:38.160 [main] INFO  by.mishastoma.customarray.service.impl.CustomArrayServiceImpl - Changed negative elements to zero. Array: [2, 0, 12, 55, 0, 11]
2022-02-27 18:05:38.162 [main] ERROR by.mishastoma.customarray.service.impl.CustomArrayServiceImpl - Empty array exception
2022-02-27 18:05:38.163 [main] INFO  by.mishastoma.customarray.service.impl.CustomArrayServiceImpl - Changed negative elements to zero. Array: [0, 0, 0, 0, 0, 0, 0]
2022-02-27 18:05:38.165 [main] INFO  by.mishastoma.customarray.service.impl.CustomArrayServiceImpl - Changed negative elements to zero. Array: [1, 4, 5, 7, 2, 4]
2022-02-27 18:05:38.168 [main] INFO  by.mishastoma.customarray.service.impl.CustomArrayServiceImpl - Changed negative elements to zero. Array: [0, 0, 0, 0, 0, 0, 0]
2022-02-27 18:05:38.173 [main] INFO  by.mishastoma.customarray.service.impl.CustomArrayServiceImpl - Maximum element: OptionalInt[54]
2022-02-27 18:05:38.184 [main] ERROR by.mishastoma.customarray.service.impl.CustomArrayServiceImpl - Empty array exception
2022-02-27 18:05:38.187 [main] INFO  by.mishastoma.customarray.service.impl.CustomArrayServiceImpl - Maximum element: OptionalInt[54]
2022-02-27 18:05:38.190 [main] INFO  by.mishastoma.customarray.service.impl.CustomArrayServiceImpl - Maximum element: OptionalInt[54]
2022-02-27 18:05:38.296 [main] INFO  by.mishastoma.customarray.service.impl.CustomArrayServiceImpl - Maximum element: OptionalInt[54]
2022-02-27 18:05:38.299 [main] INFO  by.mishastoma.customarray.service.impl.CustomArrayServiceImpl - Minimum element: -4
2022-02-27 18:05:38.299 [main] ERROR by.mishastoma.customarray.service.impl.CustomArrayServiceImpl - Empty array exception
2022-02-27 18:05:38.305 [main] INFO  by.mishastoma.customarray.service.impl.CustomArrayServiceImpl - Minimum element: -11
2022-02-27 18:05:38.306 [main] INFO  by.mishastoma.customarray.service.impl.CustomArrayServiceImpl - Minimum element: 1
2022-02-27 18:05:38.307 [main] INFO  by.mishastoma.customarray.service.impl.CustomArrayServiceImpl - Minimum element: 0
2022-02-27 18:06:40.546 [main] INFO  by.mishastoma.customarray.service.impl.CustomArrayServiceImpl - Maximum element: OptionalInt[55]
2022-02-27 18:06:40.556 [main] INFO  by.mishastoma.customarray.service.impl.CustomArrayServiceImpl - Maximum element: OptionalInt[-2]
2022-02-27 18:06:40.558 [main] INFO  by.mishastoma.customarray.service.impl.CustomArrayServiceImpl - Maximum element: OptionalInt[7]
2022-02-27 18:06:40.559 [main] INFO  by.mishastoma.customarray.service.impl.CustomArrayServiceImpl - Maximum element: OptionalInt[0]
2022-02-27 18:07:29.430 [main] INFO  by.mishastoma.customarray.service.impl.CustomArrayServiceImpl - Sum of elements: 76
2022-02-27 18:07:29.442 [main] INFO  by.mishastoma.customarray.service.impl.CustomArrayServiceImpl - Average: 12.666666666666666
2022-02-27 18:07:29.464 [main] ERROR by.mishastoma.customarray.service.impl.CustomArrayServiceImpl - Empty array exception
2022-02-27 18:07:29.468 [main] INFO  by.mishastoma.customarray.service.impl.CustomArrayServiceImpl - Sum of elements: -37
2022-02-27 18:07:29.482 [main] INFO  by.mishastoma.customarray.service.impl.CustomArrayServiceImpl - Average: -5.285714285714286
2022-02-27 18:07:29.493 [main] INFO  by.mishastoma.customarray.service.impl.CustomArrayServiceImpl - Sum of elements: 23
2022-02-27 18:07:29.493 [main] INFO  by.mishastoma.customarray.service.impl.CustomArrayServiceImpl - Average: 3.8333333333333335
2022-02-27 18:07:29.496 [main] INFO  by.mishastoma.customarray.service.impl.CustomArrayServiceImpl - Sum of elements: 0
2022-02-27 18:07:29.496 [main] INFO  by.mishastoma.customarray.service.impl.CustomArrayServiceImpl - Average: 0.0
2022-02-27 18:07:29.498 [main] INFO  by.mishastoma.customarray.service.impl.CustomArrayServiceImpl - Number of negative elements: 1
2022-02-27 18:07:29.500 [main] ERROR by.mishastoma.customarray.service.impl.CustomArrayServiceImpl - Empty array exception
2022-02-27 18:07:29.503 [main] INFO  by.mishastoma.customarray.service.impl.CustomArrayServiceImpl - Number of negative elements: 7
2022-02-27 18:07:29.509 [main] INFO  by.mishastoma.customarray.service.impl.CustomArrayServiceImpl - Number of negative elements: 0
2022-02-27 18:07:29.511 [main] INFO  by.mishastoma.customarray.service.impl.CustomArrayServiceImpl - Number of negative elements: 0
2022-02-27 18:07:29.513 [main] INFO  by.mishastoma.customarray.service.impl.CustomArrayServiceImpl - Number of positive elements: 4
2022-02-27 18:07:29.516 [main] ERROR by.mishastoma.customarray.service.impl.CustomArrayServiceImpl - Empty array exception
2022-02-27 18:07:29.519 [main] INFO  by.mishastoma.customarray.service.impl.CustomArrayServiceImpl - Number of positive elements: 0
2022-02-27 18:07:29.523 [main] INFO  by.mishastoma.customarray.service.impl.CustomArrayServiceImpl - Number of positive elements: 6
2022-02-27 18:07:29.525 [main] INFO  by.mishastoma.customarray.service.impl.CustomArrayServiceImpl - Number of positive elements: 0
2022-02-27 18:07:29.528 [main] INFO  by.mishastoma.customarray.service.impl.CustomArrayServiceImpl - Sum of elements: 76
2022-02-27 18:07:29.538 [main] ERROR by.mishastoma.customarray.service.impl.CustomArrayServiceImpl - Empty array exception
2022-02-27 18:07:29.545 [main] INFO  by.mishastoma.customarray.service.impl.CustomArrayServiceImpl - Sum of elements: -37
2022-02-27 18:07:29.547 [main] INFO  by.mishastoma.customarray.service.impl.CustomArrayServiceImpl - Sum of elements: 23
2022-02-27 18:07:29.549 [main] INFO  by.mishastoma.customarray.service.impl.CustomArrayServiceImpl - Sum of elements: 0
2022-02-27 18:07:29.553 [main] INFO  by.mishastoma.customarray.service.impl.CustomArrayServiceImpl - Changed negative elements to zero. Array: [2, 0, 12, 55, 0, 11]
2022-02-27 18:07:29.555 [main] ERROR by.mishastoma.customarray.service.impl.CustomArrayServiceImpl - Empty array exception
2022-02-27 18:07:29.558 [main] INFO  by.mishastoma.customarray.service.impl.CustomArrayServiceImpl - Changed negative elements to zero. Array: [0, 0, 0, 0, 0, 0, 0]
2022-02-27 18:07:29.561 [main] INFO  by.mishastoma.customarray.service.impl.CustomArrayServiceImpl - Changed negative elements to zero. Array: [1, 4, 5, 7, 2, 4]
2022-02-27 18:07:29.563 [main] INFO  by.mishastoma.customarray.service.impl.CustomArrayServiceImpl - Changed negative elements to zero. Array: [0, 0, 0, 0, 0, 0, 0]
2022-02-27 18:07:29.575 [main] INFO  by.mishastoma.customarray.service.impl.CustomArrayServiceImpl - Maximum element: OptionalInt[55]
2022-02-27 18:07:29.577 [main] ERROR by.mishastoma.customarray.service.impl.CustomArrayServiceImpl - Empty array exception
2022-02-27 18:07:29.579 [main] INFO  by.mishastoma.customarray.service.impl.CustomArrayServiceImpl - Maximum element: OptionalInt[-2]
2022-02-27 18:07:29.582 [main] INFO  by.mishastoma.customarray.service.impl.CustomArrayServiceImpl - Maximum element: OptionalInt[7]
2022-02-27 18:07:29.584 [main] INFO  by.mishastoma.customarray.service.impl.CustomArrayServiceImpl - Maximum element: OptionalInt[0]
2022-02-27 18:07:29.593 [main] INFO  by.mishastoma.customarray.service.impl.CustomArrayServiceImpl - Minimum element: OptionalInt[-4]
2022-02-27 18:07:29.595 [main] ERROR by.mishastoma.customarray.service.impl.CustomArrayServiceImpl - Empty array exception
2022-02-27 18:07:29.607 [main] INFO  by.mishastoma.customarray.service.impl.CustomArrayServiceImpl - Minimum element: OptionalInt[-11]
2022-02-27 18:07:29.610 [main] INFO  by.mishastoma.customarray.service.impl.CustomArrayServiceImpl - Minimum element: OptionalInt[1]
2022-02-27 18:07:29.612 [main] INFO  by.mishastoma.customarray.service.impl.CustomArrayServiceImpl - Minimum element: OptionalInt[0]
2022-02-27 18:16:54.233 [main] INFO  by.mishastoma.customarray.service.impl.CustomArrayServiceImpl - Sum of elements: 76
2022-02-27 18:16:54.237 [main] INFO  by.mishastoma.customarray.service.impl.CustomArrayServiceImpl - Average: 12.666666666666666
2022-02-27 18:16:54.247 [main] ERROR by.mishastoma.customarray.service.impl.CustomArrayServiceImpl - Empty array exception
2022-02-27 18:16:54.250 [main] INFO  by.mishastoma.customarray.service.impl.CustomArrayServiceImpl - Sum of elements: -37
2022-02-27 18:16:54.251 [main] INFO  by.mishastoma.customarray.service.impl.CustomArrayServiceImpl - Average: -5.285714285714286
2022-02-27 18:16:54.252 [main] INFO  by.mishastoma.customarray.service.impl.CustomArrayServiceImpl - Sum of elements: 23
2022-02-27 18:16:54.253 [main] INFO  by.mishastoma.customarray.service.impl.CustomArrayServiceImpl - Average: 3.8333333333333335
2022-02-27 18:16:54.255 [main] INFO  by.mishastoma.customarray.service.impl.CustomArrayServiceImpl - Sum of elements: 0
2022-02-27 18:16:54.255 [main] INFO  by.mishastoma.customarray.service.impl.CustomArrayServiceImpl - Average: 0.0
2022-02-27 18:16:54.256 [main] INFO  by.mishastoma.customarray.service.impl.CustomArrayServiceImpl - Number of negative elements: 1
2022-02-27 18:16:54.258 [main] ERROR by.mishastoma.customarray.service.impl.CustomArrayServiceImpl - Empty array exception
2022-02-27 18:16:54.259 [main] INFO  by.mishastoma.customarray.service.impl.CustomArrayServiceImpl - Number of negative elements: 7
2022-02-27 18:16:54.261 [main] INFO  by.mishastoma.customarray.service.impl.CustomArrayServiceImpl - Number of negative elements: 0
2022-02-27 18:16:54.262 [main] INFO  by.mishastoma.customarray.service.impl.CustomArrayServiceImpl - Number of negative elements: 0
2022-02-27 18:16:54.263 [main] INFO  by.mishastoma.customarray.service.impl.CustomArrayServiceImpl - Number of positive elements: 4
2022-02-27 18:16:54.265 [main] ERROR by.mishastoma.customarray.service.impl.CustomArrayServiceImpl - Empty array exception
2022-02-27 18:16:54.267 [main] INFO  by.mishastoma.customarray.service.impl.CustomArrayServiceImpl - Number of positive elements: 0
2022-02-27 18:16:54.268 [main] INFO  by.mishastoma.customarray.service.impl.CustomArrayServiceImpl - Number of positive elements: 6
2022-02-27 18:16:54.271 [main] INFO  by.mishastoma.customarray.service.impl.CustomArrayServiceImpl - Number of positive elements: 0
2022-02-27 18:16:54.272 [main] INFO  by.mishastoma.customarray.service.impl.CustomArrayServiceImpl - Sum of elements: 76
2022-02-27 18:16:54.274 [main] ERROR by.mishastoma.customarray.service.impl.CustomArrayServiceImpl - Empty array exception
2022-02-27 18:16:54.275 [main] INFO  by.mishastoma.customarray.service.impl.CustomArrayServiceImpl - Sum of elements: -37
2022-02-27 18:16:54.277 [main] INFO  by.mishastoma.customarray.service.impl.CustomArrayServiceImpl - Sum of elements: 23
2022-02-27 18:16:54.279 [main] INFO  by.mishastoma.customarray.service.impl.CustomArrayServiceImpl - Sum of elements: 0
2022-02-27 18:16:54.286 [main] INFO  by.mishastoma.customarray.service.impl.CustomArrayServiceImpl - Changed negative elements to zero. Array: [2, -4, 12, 55, 0, 11]
2022-02-27 18:16:54.300 [main] ERROR by.mishastoma.customarray.service.impl.CustomArrayServiceImpl - Empty array exception
2022-02-27 18:16:54.302 [main] INFO  by.mishastoma.customarray.service.impl.CustomArrayServiceImpl - Changed negative elements to zero. Array: [-2, -4, -2, -5, -11, -7, -6]
2022-02-27 18:16:54.306 [main] INFO  by.mishastoma.customarray.service.impl.CustomArrayServiceImpl - Changed negative elements to zero. Array: [1, 4, 5, 7, 2, 4]
2022-02-27 18:16:54.312 [main] INFO  by.mishastoma.customarray.service.impl.CustomArrayServiceImpl - Changed negative elements to zero. Array: [0, 0, 0, 0, 0, 0, 0]
2022-02-27 18:16:54.315 [main] INFO  by.mishastoma.customarray.service.impl.CustomArrayServiceImpl - Maximum element: OptionalInt[55]
2022-02-27 18:16:54.317 [main] ERROR by.mishastoma.customarray.service.impl.CustomArrayServiceImpl - Empty array exception
2022-02-27 18:16:54.318 [main] INFO  by.mishastoma.customarray.service.impl.CustomArrayServiceImpl - Maximum element: OptionalInt[-2]
2022-02-27 18:16:54.321 [main] INFO  by.mishastoma.customarray.service.impl.CustomArrayServiceImpl - Maximum element: OptionalInt[7]
2022-02-27 18:16:54.323 [main] INFO  by.mishastoma.customarray.service.impl.CustomArrayServiceImpl - Maximum element: OptionalInt[0]
2022-02-27 18:16:54.326 [main] INFO  by.mishastoma.customarray.service.impl.CustomArrayServiceImpl - Minimum element: OptionalInt[-4]
2022-02-27 18:16:54.327 [main] ERROR by.mishastoma.customarray.service.impl.CustomArrayServiceImpl - Empty array exception
2022-02-27 18:16:54.328 [main] INFO  by.mishastoma.customarray.service.impl.CustomArrayServiceImpl - Minimum element: OptionalInt[-11]
2022-02-27 18:16:54.329 [main] INFO  by.mishastoma.customarray.service.impl.CustomArrayServiceImpl - Minimum element: OptionalInt[1]
2022-02-27 18:16:54.331 [main] INFO  by.mishastoma.customarray.service.impl.CustomArrayServiceImpl - Minimum element: OptionalInt[0]
2022-02-27 18:20:34.418 [main] INFO  by.mishastoma.customarray.service.impl.CustomArrayServiceImpl - Sum of elements: 76
2022-02-27 18:20:34.422 [main] INFO  by.mishastoma.customarray.service.impl.CustomArrayServiceImpl - Average: 12.666666666666666
2022-02-27 18:20:34.429 [main] ERROR by.mishastoma.customarray.service.impl.CustomArrayServiceImpl - Empty array exception
2022-02-27 18:20:34.431 [main] INFO  by.mishastoma.customarray.service.impl.CustomArrayServiceImpl - Sum of elements: -37
2022-02-27 18:20:34.432 [main] INFO  by.mishastoma.customarray.service.impl.CustomArrayServiceImpl - Average: -5.285714285714286
2022-02-27 18:20:34.434 [main] INFO  by.mishastoma.customarray.service.impl.CustomArrayServiceImpl - Sum of elements: 23
2022-02-27 18:20:34.434 [main] INFO  by.mishastoma.customarray.service.impl.CustomArrayServiceImpl - Average: 3.8333333333333335
2022-02-27 18:20:34.437 [main] INFO  by.mishastoma.customarray.service.impl.CustomArrayServiceImpl - Sum of elements: 0
2022-02-27 18:20:34.438 [main] INFO  by.mishastoma.customarray.service.impl.CustomArrayServiceImpl - Average: 0.0
2022-02-27 18:20:34.440 [main] INFO  by.mishastoma.customarray.service.impl.CustomArrayServiceImpl - Number of negative elements: 1
2022-02-27 18:20:34.441 [main] ERROR by.mishastoma.customarray.service.impl.CustomArrayServiceImpl - Empty array exception
2022-02-27 18:20:34.443 [main] INFO  by.mishastoma.customarray.service.impl.CustomArrayServiceImpl - Number of negative elements: 7
2022-02-27 18:20:34.445 [main] INFO  by.mishastoma.customarray.service.impl.CustomArrayServiceImpl - Number of negative elements: 0
2022-02-27 18:20:34.447 [main] INFO  by.mishastoma.customarray.service.impl.CustomArrayServiceImpl - Number of negative elements: 0
2022-02-27 18:20:34.449 [main] INFO  by.mishastoma.customarray.service.impl.CustomArrayServiceImpl - Number of positive elements: 4
2022-02-27 18:20:34.451 [main] ERROR by.mishastoma.customarray.service.impl.CustomArrayServiceImpl - Empty array exception
2022-02-27 18:20:34.452 [main] INFO  by.mishastoma.customarray.service.impl.CustomArrayServiceImpl - Number of positive elements: 0
2022-02-27 18:20:34.455 [main] INFO  by.mishastoma.customarray.service.impl.CustomArrayServiceImpl - Number of positive elements: 6
2022-02-27 18:20:34.457 [main] INFO  by.mishastoma.customarray.service.impl.CustomArrayServiceImpl - Number of positive elements: 0
2022-02-27 18:20:34.459 [main] INFO  by.mishastoma.customarray.service.impl.CustomArrayServiceImpl - Sum of elements: 76
2022-02-27 18:20:34.460 [main] ERROR by.mishastoma.customarray.service.impl.CustomArrayServiceImpl - Empty array exception
2022-02-27 18:20:34.462 [main] INFO  by.mishastoma.customarray.service.impl.CustomArrayServiceImpl - Sum of elements: -37
2022-02-27 18:20:34.464 [main] INFO  by.mishastoma.customarray.service.impl.CustomArrayServiceImpl - Sum of elements: 23
2022-02-27 18:20:34.466 [main] INFO  by.mishastoma.customarray.service.impl.CustomArrayServiceImpl - Sum of elements: 0
2022-02-27 18:20:34.471 [main] INFO  by.mishastoma.customarray.service.impl.CustomArrayServiceImpl - Changed negative elements to zero. Array: [2, -4, 12, 55, 0, 11]
2022-02-27 18:20:34.481 [main] ERROR by.mishastoma.customarray.service.impl.CustomArrayServiceImpl - Empty array exception
2022-02-27 18:20:34.484 [main] INFO  by.mishastoma.customarray.service.impl.CustomArrayServiceImpl - Changed negative elements to zero. Array: [-2, -4, -2, -5, -11, -7, -6]
2022-02-27 18:20:34.488 [main] INFO  by.mishastoma.customarray.service.impl.CustomArrayServiceImpl - Changed negative elements to zero. Array: [1, 4, 5, 7, 2, 4]
2022-02-27 18:20:34.491 [main] INFO  by.mishastoma.customarray.service.impl.CustomArrayServiceImpl - Changed negative elements to zero. Array: [0, 0, 0, 0, 0, 0, 0]
2022-02-27 18:20:34.495 [main] INFO  by.mishastoma.customarray.service.impl.CustomArrayServiceImpl - Maximum element: OptionalInt[55]
2022-02-27 18:20:34.496 [main] ERROR by.mishastoma.customarray.service.impl.CustomArrayServiceImpl - Empty array exception
2022-02-27 18:20:34.498 [main] INFO  by.mishastoma.customarray.service.impl.CustomArrayServiceImpl - Maximum element: OptionalInt[-2]
2022-02-27 18:20:34.501 [main] INFO  by.mishastoma.customarray.service.impl.CustomArrayServiceImpl - Maximum element: OptionalInt[7]
2022-02-27 18:20:34.503 [main] INFO  by.mishastoma.customarray.service.impl.CustomArrayServiceImpl - Maximum element: OptionalInt[0]
2022-02-27 18:20:34.505 [main] INFO  by.mishastoma.customarray.service.impl.CustomArrayServiceImpl - Minimum element: OptionalInt[-4]
2022-02-27 18:20:34.507 [main] ERROR by.mishastoma.customarray.service.impl.CustomArrayServiceImpl - Empty array exception
2022-02-27 18:20:34.509 [main] INFO  by.mishastoma.customarray.service.impl.CustomArrayServiceImpl - Minimum element: OptionalInt[-11]
2022-02-27 18:20:34.511 [main] INFO  by.mishastoma.customarray.service.impl.CustomArrayServiceImpl - Minimum element: OptionalInt[1]
2022-02-27 18:20:34.513 [main] INFO  by.mishastoma.customarray.service.impl.CustomArrayServiceImpl - Minimum element: OptionalInt[0]
2022-02-27 18:32:30.716 [main] INFO  by.mishastoma.customarray.service.impl.CustomArrayServiceImpl - Sum of elements: 76
2022-02-27 18:32:30.719 [main] INFO  by.mishastoma.customarray.service.impl.CustomArrayServiceImpl - Average: 12.666666666666666
2022-02-27 18:32:30.726 [main] ERROR by.mishastoma.customarray.service.impl.CustomArrayServiceImpl - Empty array exception
2022-02-27 18:32:30.728 [main] INFO  by.mishastoma.customarray.service.impl.CustomArrayServiceImpl - Sum of elements: -37
2022-02-27 18:32:30.728 [main] INFO  by.mishastoma.customarray.service.impl.CustomArrayServiceImpl - Average: -5.285714285714286
2022-02-27 18:32:30.730 [main] INFO  by.mishastoma.customarray.service.impl.CustomArrayServiceImpl - Sum of elements: 23
2022-02-27 18:32:30.731 [main] INFO  by.mishastoma.customarray.service.impl.CustomArrayServiceImpl - Average: 3.8333333333333335
2022-02-27 18:32:30.732 [main] INFO  by.mishastoma.customarray.service.impl.CustomArrayServiceImpl - Sum of elements: 0
2022-02-27 18:32:30.733 [main] INFO  by.mishastoma.customarray.service.impl.CustomArrayServiceImpl - Average: 0.0
2022-02-27 18:32:30.735 [main] INFO  by.mishastoma.customarray.service.impl.CustomArrayServiceImpl - Number of negative elements: 1
2022-02-27 18:32:30.737 [main] ERROR by.mishastoma.customarray.service.impl.CustomArrayServiceImpl - Empty array exception
2022-02-27 18:32:30.738 [main] INFO  by.mishastoma.customarray.service.impl.CustomArrayServiceImpl - Number of negative elements: 7
2022-02-27 18:32:30.740 [main] INFO  by.mishastoma.customarray.service.impl.CustomArrayServiceImpl - Number of negative elements: 0
2022-02-27 18:32:30.742 [main] INFO  by.mishastoma.customarray.service.impl.CustomArrayServiceImpl - Number of negative elements: 0
2022-02-27 18:32:30.743 [main] INFO  by.mishastoma.customarray.service.impl.CustomArrayServiceImpl - Number of positive elements: 4
2022-02-27 18:32:30.746 [main] ERROR by.mishastoma.customarray.service.impl.CustomArrayServiceImpl - Empty array exception
2022-02-27 18:32:30.748 [main] INFO  by.mishastoma.customarray.service.impl.CustomArrayServiceImpl - Number of positive elements: 0
2022-02-27 18:32:30.751 [main] INFO  by.mishastoma.customarray.service.impl.CustomArrayServiceImpl - Number of positive elements: 6
2022-02-27 18:32:30.752 [main] INFO  by.mishastoma.customarray.service.impl.CustomArrayServiceImpl - Number of positive elements: 0
2022-02-27 18:32:30.754 [main] INFO  by.mishastoma.customarray.service.impl.CustomArrayServiceImpl - Sum of elements: 76
2022-02-27 18:32:30.755 [main] ERROR by.mishastoma.customarray.service.impl.CustomArrayServiceImpl - Empty array exception
2022-02-27 18:32:30.757 [main] INFO  by.mishastoma.customarray.service.impl.CustomArrayServiceImpl - Sum of elements: -37
2022-02-27 18:32:30.759 [main] INFO  by.mishastoma.customarray.service.impl.CustomArrayServiceImpl - Sum of elements: 23
2022-02-27 18:32:30.761 [main] INFO  by.mishastoma.customarray.service.impl.CustomArrayServiceImpl - Sum of elements: 0
2022-02-27 18:32:30.776 [main] ERROR by.mishastoma.customarray.service.impl.CustomArrayServiceImpl - Empty array exception
2022-02-27 18:32:30.791 [main] INFO  by.mishastoma.customarray.service.impl.CustomArrayServiceImpl - Maximum element: OptionalInt[55]
2022-02-27 18:32:30.793 [main] ERROR by.mishastoma.customarray.service.impl.CustomArrayServiceImpl - Empty array exception
2022-02-27 18:32:30.795 [main] INFO  by.mishastoma.customarray.service.impl.CustomArrayServiceImpl - Maximum element: OptionalInt[-2]
2022-02-27 18:32:30.798 [main] INFO  by.mishastoma.customarray.service.impl.CustomArrayServiceImpl - Maximum element: OptionalInt[7]
2022-02-27 18:32:30.800 [main] INFO  by.mishastoma.customarray.service.impl.CustomArrayServiceImpl - Maximum element: OptionalInt[0]
2022-02-27 18:32:30.802 [main] INFO  by.mishastoma.customarray.service.impl.CustomArrayServiceImpl - Minimum element: OptionalInt[-4]
2022-02-27 18:32:30.803 [main] ERROR by.mishastoma.customarray.service.impl.CustomArrayServiceImpl - Empty array exception
2022-02-27 18:32:30.805 [main] INFO  by.mishastoma.customarray.service.impl.CustomArrayServiceImpl - Minimum element: OptionalInt[-11]
2022-02-27 18:32:30.816 [main] INFO  by.mishastoma.customarray.service.impl.CustomArrayServiceImpl - Minimum element: OptionalInt[1]
2022-02-27 18:32:30.818 [main] INFO  by.mishastoma.customarray.service.impl.CustomArrayServiceImpl - Minimum element: OptionalInt[0]
2022-02-27 18:32:38.426 [main] ERROR by.mishastoma.customarray.reader.impl.FileReaderImpl - File data.txt not found
2022-02-27 18:33:53.707 [main] INFO  by.mishastoma.customarray.service.impl.CustomArrayServiceImpl - Sum of elements: 76
2022-02-27 18:33:53.709 [main] INFO  by.mishastoma.customarray.service.impl.CustomArrayServiceImpl - Average: 12.666666666666666
2022-02-27 18:33:53.717 [main] ERROR by.mishastoma.customarray.service.impl.CustomArrayServiceImpl - Empty array exception
2022-02-27 18:33:53.719 [main] INFO  by.mishastoma.customarray.service.impl.CustomArrayServiceImpl - Sum of elements: -37
2022-02-27 18:33:53.719 [main] INFO  by.mishastoma.customarray.service.impl.CustomArrayServiceImpl - Average: -5.285714285714286
2022-02-27 18:33:53.721 [main] INFO  by.mishastoma.customarray.service.impl.CustomArrayServiceImpl - Sum of elements: 23
2022-02-27 18:33:53.721 [main] INFO  by.mishastoma.customarray.service.impl.CustomArrayServiceImpl - Average: 3.8333333333333335
2022-02-27 18:33:53.722 [main] INFO  by.mishastoma.customarray.service.impl.CustomArrayServiceImpl - Sum of elements: 0
2022-02-27 18:33:53.723 [main] INFO  by.mishastoma.customarray.service.impl.CustomArrayServiceImpl - Average: 0.0
2022-02-27 18:33:53.724 [main] INFO  by.mishastoma.customarray.service.impl.CustomArrayServiceImpl - Number of negative elements: 1
2022-02-27 18:33:53.726 [main] ERROR by.mishastoma.customarray.service.impl.CustomArrayServiceImpl - Empty array exception
2022-02-27 18:33:53.728 [main] INFO  by.mishastoma.customarray.service.impl.CustomArrayServiceImpl - Number of negative elements: 7
2022-02-27 18:33:53.730 [main] INFO  by.mishastoma.customarray.service.impl.CustomArrayServiceImpl - Number of negative elements: 0
2022-02-27 18:33:53.731 [main] INFO  by.mishastoma.customarray.service.impl.CustomArrayServiceImpl - Number of negative elements: 0
2022-02-27 18:33:53.731 [main] INFO  by.mishastoma.customarray.service.impl.CustomArrayServiceImpl - Number of positive elements: 4
2022-02-27 18:33:53.733 [main] ERROR by.mishastoma.customarray.service.impl.CustomArrayServiceImpl - Empty array exception
2022-02-27 18:33:53.735 [main] INFO  by.mishastoma.customarray.service.impl.CustomArrayServiceImpl - Number of positive elements: 0
2022-02-27 18:33:53.737 [main] INFO  by.mishastoma.customarray.service.impl.CustomArrayServiceImpl - Number of positive elements: 6
2022-02-27 18:33:53.738 [main] INFO  by.mishastoma.customarray.service.impl.CustomArrayServiceImpl - Number of positive elements: 0
2022-02-27 18:33:53.740 [main] INFO  by.mishastoma.customarray.service.impl.CustomArrayServiceImpl - Sum of elements: 76
2022-02-27 18:33:53.741 [main] ERROR by.mishastoma.customarray.service.impl.CustomArrayServiceImpl - Empty array exception
2022-02-27 18:33:53.743 [main] INFO  by.mishastoma.customarray.service.impl.CustomArrayServiceImpl - Sum of elements: -37
2022-02-27 18:33:53.745 [main] INFO  by.mishastoma.customarray.service.impl.CustomArrayServiceImpl - Sum of elements: 23
2022-02-27 18:33:53.746 [main] INFO  by.mishastoma.customarray.service.impl.CustomArrayServiceImpl - Sum of elements: 0
2022-02-27 18:33:53.748 [main] INFO  by.mishastoma.customarray.service.impl.CustomArrayServiceImpl - Changed negative elements to zero. Array: [2, -4, 12, 55, 0, 11]
2022-02-27 18:33:53.757 [main] ERROR by.mishastoma.customarray.service.impl.CustomArrayServiceImpl - Empty array exception
2022-02-27 18:33:53.759 [main] INFO  by.mishastoma.customarray.service.impl.CustomArrayServiceImpl - Changed negative elements to zero. Array: [-2, -4, -2, -5, -11, -7, -6]
2022-02-27 18:33:53.763 [main] INFO  by.mishastoma.customarray.service.impl.CustomArrayServiceImpl - Changed negative elements to zero. Array: [1, 4, 5, 7, 2, 4]
2022-02-27 18:33:53.764 [main] INFO  by.mishastoma.customarray.service.impl.CustomArrayServiceImpl - Changed negative elements to zero. Array: [0, 0, 0, 0, 0, 0, 0]
2022-02-27 18:33:53.769 [main] INFO  by.mishastoma.customarray.service.impl.CustomArrayServiceImpl - Maximum element: OptionalInt[55]
2022-02-27 18:33:53.771 [main] ERROR by.mishastoma.customarray.service.impl.CustomArrayServiceImpl - Empty array exception
2022-02-27 18:33:53.773 [main] INFO  by.mishastoma.customarray.service.impl.CustomArrayServiceImpl - Maximum element: OptionalInt[-2]
2022-02-27 18:33:53.775 [main] INFO  by.mishastoma.customarray.service.impl.CustomArrayServiceImpl - Maximum element: OptionalInt[7]
2022-02-27 18:33:53.777 [main] INFO  by.mishastoma.customarray.service.impl.CustomArrayServiceImpl - Maximum element: OptionalInt[0]
2022-02-27 18:33:53.780 [main] INFO  by.mishastoma.customarray.service.impl.CustomArrayServiceImpl - Minimum element: OptionalInt[-4]
2022-02-27 18:33:53.782 [main] ERROR by.mishastoma.customarray.service.impl.CustomArrayServiceImpl - Empty array exception
2022-02-27 18:33:53.792 [main] INFO  by.mishastoma.customarray.service.impl.CustomArrayServiceImpl - Minimum element: OptionalInt[-11]
2022-02-27 18:33:53.794 [main] INFO  by.mishastoma.customarray.service.impl.CustomArrayServiceImpl - Minimum element: OptionalInt[1]
2022-02-27 18:33:53.796 [main] INFO  by.mishastoma.customarray.service.impl.CustomArrayServiceImpl - Minimum element: OptionalInt[0]
2022-02-27 18:35:13.668 [main] INFO  by.mishastoma.customarray.service.impl.CustomArrayServiceImpl - Sum of elements: 76
2022-02-27 18:35:13.673 [main] INFO  by.mishastoma.customarray.service.impl.CustomArrayServiceImpl - Average: 12.666666666666666
2022-02-27 18:35:13.683 [main] ERROR by.mishastoma.customarray.service.impl.CustomArrayServiceImpl - Empty array exception
2022-02-27 18:35:13.685 [main] INFO  by.mishastoma.customarray.service.impl.CustomArrayServiceImpl - Sum of elements: -37
2022-02-27 18:35:13.686 [main] INFO  by.mishastoma.customarray.service.impl.CustomArrayServiceImpl - Average: -5.285714285714286
2022-02-27 18:35:13.688 [main] INFO  by.mishastoma.customarray.service.impl.CustomArrayServiceImpl - Sum of elements: 23
2022-02-27 18:35:13.689 [main] INFO  by.mishastoma.customarray.service.impl.CustomArrayServiceImpl - Average: 3.8333333333333335
2022-02-27 18:35:13.690 [main] INFO  by.mishastoma.customarray.service.impl.CustomArrayServiceImpl - Sum of elements: 0
2022-02-27 18:35:13.691 [main] INFO  by.mishastoma.customarray.service.impl.CustomArrayServiceImpl - Average: 0.0
2022-02-27 18:35:13.693 [main] INFO  by.mishastoma.customarray.service.impl.CustomArrayServiceImpl - Number of negative elements: 1
2022-02-27 18:35:13.694 [main] ERROR by.mishastoma.customarray.service.impl.CustomArrayServiceImpl - Empty array exception
2022-02-27 18:35:13.696 [main] INFO  by.mishastoma.customarray.service.impl.CustomArrayServiceImpl - Number of negative elements: 7
2022-02-27 18:35:13.699 [main] INFO  by.mishastoma.customarray.service.impl.CustomArrayServiceImpl - Number of negative elements: 0
2022-02-27 18:35:13.701 [main] INFO  by.mishastoma.customarray.service.impl.CustomArrayServiceImpl - Number of negative elements: 0
2022-02-27 18:35:13.702 [main] INFO  by.mishastoma.customarray.service.impl.CustomArrayServiceImpl - Number of positive elements: 4
2022-02-27 18:35:13.705 [main] ERROR by.mishastoma.customarray.service.impl.CustomArrayServiceImpl - Empty array exception
2022-02-27 18:35:13.707 [main] INFO  by.mishastoma.customarray.service.impl.CustomArrayServiceImpl - Number of positive elements: 0
2022-02-27 18:35:13.709 [main] INFO  by.mishastoma.customarray.service.impl.CustomArrayServiceImpl - Number of positive elements: 6
2022-02-27 18:35:13.711 [main] INFO  by.mishastoma.customarray.service.impl.CustomArrayServiceImpl - Number of positive elements: 0
2022-02-27 18:35:13.714 [main] INFO  by.mishastoma.customarray.service.impl.CustomArrayServiceImpl - Sum of elements: 76
2022-02-27 18:35:13.715 [main] ERROR by.mishastoma.customarray.service.impl.CustomArrayServiceImpl - Empty array exception
2022-02-27 18:35:13.717 [main] INFO  by.mishastoma.customarray.service.impl.CustomArrayServiceImpl - Sum of elements: -37
2022-02-27 18:35:13.719 [main] INFO  by.mishastoma.customarray.service.impl.CustomArrayServiceImpl - Sum of elements: 23
2022-02-27 18:35:13.721 [main] INFO  by.mishastoma.customarray.service.impl.CustomArrayServiceImpl - Sum of elements: 0
2022-02-27 18:35:13.723 [main] INFO  by.mishastoma.customarray.service.impl.CustomArrayServiceImpl - Changed negative elements to zero. Array: [2, 0, 12, 55, 0, 11]
2022-02-27 18:35:13.725 [main] ERROR by.mishastoma.customarray.service.impl.CustomArrayServiceImpl - Empty array exception
2022-02-27 18:35:13.727 [main] INFO  by.mishastoma.customarray.service.impl.CustomArrayServiceImpl - Changed negative elements to zero. Array: [0, 0, 0, 0, 0, 0, 0]
2022-02-27 18:35:13.729 [main] INFO  by.mishastoma.customarray.service.impl.CustomArrayServiceImpl - Changed negative elements to zero. Array: [1, 4, 5, 7, 2, 4]
2022-02-27 18:35:13.734 [main] INFO  by.mishastoma.customarray.service.impl.CustomArrayServiceImpl - Changed negative elements to zero. Array: [0, 0, 0, 0, 0, 0, 0]
2022-02-27 18:35:13.737 [main] INFO  by.mishastoma.customarray.service.impl.CustomArrayServiceImpl - Maximum element: OptionalInt[55]
2022-02-27 18:35:13.739 [main] ERROR by.mishastoma.customarray.service.impl.CustomArrayServiceImpl - Empty array exception
2022-02-27 18:35:13.745 [main] INFO  by.mishastoma.customarray.service.impl.CustomArrayServiceImpl - Maximum element: OptionalInt[-2]
2022-02-27 18:35:13.747 [main] INFO  by.mishastoma.customarray.service.impl.CustomArrayServiceImpl - Maximum element: OptionalInt[7]
2022-02-27 18:35:13.751 [main] INFO  by.mishastoma.customarray.service.impl.CustomArrayServiceImpl - Maximum element: OptionalInt[0]
2022-02-27 18:35:13.755 [main] INFO  by.mishastoma.customarray.service.impl.CustomArrayServiceImpl - Minimum element: OptionalInt[-4]
2022-02-27 18:35:13.757 [main] ERROR by.mishastoma.customarray.service.impl.CustomArrayServiceImpl - Empty array exception
2022-02-27 18:35:13.767 [main] INFO  by.mishastoma.customarray.service.impl.CustomArrayServiceImpl - Minimum element: OptionalInt[-11]
2022-02-27 18:35:13.769 [main] INFO  by.mishastoma.customarray.service.impl.CustomArrayServiceImpl - Minimum element: OptionalInt[1]
2022-02-27 18:35:13.771 [main] INFO  by.mishastoma.customarray.service.impl.CustomArrayServiceImpl - Minimum element: OptionalInt[0]
2022-02-27 18:37:35.394 [main] INFO  by.mishastoma.customarray.service.impl.CustomArrayServiceImpl - Sum of elements: 76
2022-02-27 18:37:35.396 [main] INFO  by.mishastoma.customarray.service.impl.CustomArrayServiceImpl - Average: 12.666666666666666
2022-02-27 18:37:35.405 [main] ERROR by.mishastoma.customarray.service.impl.CustomArrayServiceImpl - Empty array exception
2022-02-27 18:37:35.407 [main] INFO  by.mishastoma.customarray.service.impl.CustomArrayServiceImpl - Sum of elements: -37
2022-02-27 18:37:35.407 [main] INFO  by.mishastoma.customarray.service.impl.CustomArrayServiceImpl - Average: -5.285714285714286
2022-02-27 18:37:35.408 [main] INFO  by.mishastoma.customarray.service.impl.CustomArrayServiceImpl - Sum of elements: 23
2022-02-27 18:37:35.409 [main] INFO  by.mishastoma.customarray.service.impl.CustomArrayServiceImpl - Average: 3.8333333333333335
2022-02-27 18:37:35.411 [main] INFO  by.mishastoma.customarray.service.impl.CustomArrayServiceImpl - Sum of elements: 0
2022-02-27 18:37:35.411 [main] INFO  by.mishastoma.customarray.service.impl.CustomArrayServiceImpl - Average: 0.0
2022-02-27 18:37:35.415 [main] INFO  by.mishastoma.customarray.service.impl.CustomArrayServiceImpl - Number of negative elements: 1
2022-02-27 18:37:35.417 [main] ERROR by.mishastoma.customarray.service.impl.CustomArrayServiceImpl - Empty array exception
2022-02-27 18:37:35.419 [main] INFO  by.mishastoma.customarray.service.impl.CustomArrayServiceImpl - Number of negative elements: 7
2022-02-27 18:37:35.420 [main] INFO  by.mishastoma.customarray.service.impl.CustomArrayServiceImpl - Number of negative elements: 0
2022-02-27 18:37:35.422 [main] INFO  by.mishastoma.customarray.service.impl.CustomArrayServiceImpl - Number of negative elements: 0
2022-02-27 18:37:35.424 [main] INFO  by.mishastoma.customarray.service.impl.CustomArrayServiceImpl - Number of positive elements: 4
2022-02-27 18:37:35.425 [main] ERROR by.mishastoma.customarray.service.impl.CustomArrayServiceImpl - Empty array exception
2022-02-27 18:37:35.427 [main] INFO  by.mishastoma.customarray.service.impl.CustomArrayServiceImpl - Number of positive elements: 0
2022-02-27 18:37:35.429 [main] INFO  by.mishastoma.customarray.service.impl.CustomArrayServiceImpl - Number of positive elements: 6
2022-02-27 18:37:35.431 [main] INFO  by.mishastoma.customarray.service.impl.CustomArrayServiceImpl - Number of positive elements: 0
2022-02-27 18:37:35.434 [main] INFO  by.mishastoma.customarray.service.impl.CustomArrayServiceImpl - Sum of elements: 76
2022-02-27 18:37:35.435 [main] ERROR by.mishastoma.customarray.service.impl.CustomArrayServiceImpl - Empty array exception
2022-02-27 18:37:35.437 [main] INFO  by.mishastoma.customarray.service.impl.CustomArrayServiceImpl - Sum of elements: -37
2022-02-27 18:37:35.439 [main] INFO  by.mishastoma.customarray.service.impl.CustomArrayServiceImpl - Sum of elements: 23
2022-02-27 18:37:35.441 [main] INFO  by.mishastoma.customarray.service.impl.CustomArrayServiceImpl - Sum of elements: 0
2022-02-27 18:37:35.443 [main] INFO  by.mishastoma.customarray.service.impl.CustomArrayServiceImpl - Changed negative elements to zero. Array: [2, 0, 12, 55, 0, 11]
2022-02-27 18:37:35.444 [main] ERROR by.mishastoma.customarray.service.impl.CustomArrayServiceImpl - Empty array exception
2022-02-27 18:37:35.446 [main] INFO  by.mishastoma.customarray.service.impl.CustomArrayServiceImpl - Changed negative elements to zero. Array: [0, 0, 0, 0, 0, 0, 0]
2022-02-27 18:37:35.448 [main] INFO  by.mishastoma.customarray.service.impl.CustomArrayServiceImpl - Changed negative elements to zero. Array: [1, 4, 5, 7, 2, 4]
2022-02-27 18:37:35.450 [main] INFO  by.mishastoma.customarray.service.impl.CustomArrayServiceImpl - Changed negative elements to zero. Array: [0, 0, 0, 0, 0, 0, 0]
2022-02-27 18:37:35.453 [main] INFO  by.mishastoma.customarray.service.impl.CustomArrayServiceImpl - Maximum element: OptionalInt[55]
2022-02-27 18:37:35.455 [main] ERROR by.mishastoma.customarray.service.impl.CustomArrayServiceImpl - Empty array exception
2022-02-27 18:37:35.457 [main] INFO  by.mishastoma.customarray.service.impl.CustomArrayServiceImpl - Maximum element: OptionalInt[-2]
2022-02-27 18:37:35.460 [main] INFO  by.mishastoma.customarray.service.impl.CustomArrayServiceImpl - Maximum element: OptionalInt[7]
2022-02-27 18:37:35.462 [main] INFO  by.mishastoma.customarray.service.impl.CustomArrayServiceImpl - Maximum element: OptionalInt[0]
2022-02-27 18:37:35.464 [main] INFO  by.mishastoma.customarray.service.impl.CustomArrayServiceImpl - Minimum element: OptionalInt[-4]
2022-02-27 18:37:35.465 [main] ERROR by.mishastoma.customarray.service.impl.CustomArrayServiceImpl - Empty array exception
2022-02-27 18:37:35.475 [main] INFO  by.mishastoma.customarray.service.impl.CustomArrayServiceImpl - Minimum element: OptionalInt[-11]
2022-02-27 18:37:35.477 [main] INFO  by.mishastoma.customarray.service.impl.CustomArrayServiceImpl - Minimum element: OptionalInt[1]
2022-02-27 18:37:35.478 [main] INFO  by.mishastoma.customarray.service.impl.CustomArrayServiceImpl - Minimum element: OptionalInt[0]
2022-02-27 18:38:16.292 [main] INFO  by.mishastoma.customarray.service.impl.CustomArrayServiceImpl - Sum of elements: 76
2022-02-27 18:38:16.295 [main] INFO  by.mishastoma.customarray.service.impl.CustomArrayServiceImpl - Average: 12.666666666666666
2022-02-27 18:38:16.308 [main] ERROR by.mishastoma.customarray.service.impl.CustomArrayServiceImpl - Empty array exception
2022-02-27 18:38:16.310 [main] INFO  by.mishastoma.customarray.service.impl.CustomArrayServiceImpl - Sum of elements: -37
2022-02-27 18:38:16.311 [main] INFO  by.mishastoma.customarray.service.impl.CustomArrayServiceImpl - Average: -5.285714285714286
2022-02-27 18:38:16.315 [main] INFO  by.mishastoma.customarray.service.impl.CustomArrayServiceImpl - Sum of elements: 23
2022-02-27 18:38:16.316 [main] INFO  by.mishastoma.customarray.service.impl.CustomArrayServiceImpl - Average: 3.8333333333333335
2022-02-27 18:38:16.318 [main] INFO  by.mishastoma.customarray.service.impl.CustomArrayServiceImpl - Sum of elements: 0
2022-02-27 18:38:16.318 [main] INFO  by.mishastoma.customarray.service.impl.CustomArrayServiceImpl - Average: 0.0
2022-02-27 18:38:16.322 [main] INFO  by.mishastoma.customarray.service.impl.CustomArrayServiceImpl - Number of negative elements: 1
2022-02-27 18:38:16.323 [main] ERROR by.mishastoma.customarray.service.impl.CustomArrayServiceImpl - Empty array exception
2022-02-27 18:38:16.325 [main] INFO  by.mishastoma.customarray.service.impl.CustomArrayServiceImpl - Number of negative elements: 7
2022-02-27 18:38:16.327 [main] INFO  by.mishastoma.customarray.service.impl.CustomArrayServiceImpl - Number of negative elements: 0
2022-02-27 18:38:16.330 [main] INFO  by.mishastoma.customarray.service.impl.CustomArrayServiceImpl - Number of negative elements: 0
2022-02-27 18:38:16.332 [main] INFO  by.mishastoma.customarray.service.impl.CustomArrayServiceImpl - Number of positive elements: 4
2022-02-27 18:38:16.333 [main] ERROR by.mishastoma.customarray.service.impl.CustomArrayServiceImpl - Empty array exception
2022-02-27 18:38:16.336 [main] INFO  by.mishastoma.customarray.service.impl.CustomArrayServiceImpl - Number of positive elements: 0
2022-02-27 18:38:16.338 [main] INFO  by.mishastoma.customarray.service.impl.CustomArrayServiceImpl - Number of positive elements: 6
2022-02-27 18:38:16.340 [main] INFO  by.mishastoma.customarray.service.impl.CustomArrayServiceImpl - Number of positive elements: 0
2022-02-27 18:38:16.342 [main] INFO  by.mishastoma.customarray.service.impl.CustomArrayServiceImpl - Sum of elements: 76
2022-02-27 18:38:16.345 [main] ERROR by.mishastoma.customarray.service.impl.CustomArrayServiceImpl - Empty array exception
2022-02-27 18:38:16.346 [main] INFO  by.mishastoma.customarray.service.impl.CustomArrayServiceImpl - Sum of elements: -37
2022-02-27 18:38:16.348 [main] INFO  by.mishastoma.customarray.service.impl.CustomArrayServiceImpl - Sum of elements: 23
2022-02-27 18:38:16.349 [main] INFO  by.mishastoma.customarray.service.impl.CustomArrayServiceImpl - Sum of elements: 0
2022-02-27 18:38:16.351 [main] INFO  by.mishastoma.customarray.service.impl.CustomArrayServiceImpl - Changed negative elements to zero. Array: [2, 0, 12, 55, 0, 11]
2022-02-27 18:38:16.353 [main] ERROR by.mishastoma.customarray.service.impl.CustomArrayServiceImpl - Empty array exception
2022-02-27 18:38:16.355 [main] INFO  by.mishastoma.customarray.service.impl.CustomArrayServiceImpl - Changed negative elements to zero. Array: [0, 0, 0, 0, 0, 0, 0]
2022-02-27 18:38:16.356 [main] INFO  by.mishastoma.customarray.service.impl.CustomArrayServiceImpl - Changed negative elements to zero. Array: [1, 4, 5, 7, 2, 4]
2022-02-27 18:38:16.357 [main] INFO  by.mishastoma.customarray.service.impl.CustomArrayServiceImpl - Changed negative elements to zero. Array: [0, 0, 0, 0, 0, 0, 0]
2022-02-27 18:38:16.361 [main] INFO  by.mishastoma.customarray.service.impl.CustomArrayServiceImpl - Maximum element: OptionalInt[55]
2022-02-27 18:38:16.362 [main] ERROR by.mishastoma.customarray.service.impl.CustomArrayServiceImpl - Empty array exception
2022-02-27 18:38:16.364 [main] INFO  by.mishastoma.customarray.service.impl.CustomArrayServiceImpl - Maximum element: OptionalInt[-2]
2022-02-27 18:38:16.366 [main] INFO  by.mishastoma.customarray.service.impl.CustomArrayServiceImpl - Maximum element: OptionalInt[7]
2022-02-27 18:38:16.370 [main] INFO  by.mishastoma.customarray.service.impl.CustomArrayServiceImpl - Maximum element: OptionalInt[0]
2022-02-27 18:38:16.372 [main] INFO  by.mishastoma.customarray.service.impl.CustomArrayServiceImpl - Minimum element: OptionalInt[-4]
2022-02-27 18:38:16.373 [main] ERROR by.mishastoma.customarray.service.impl.CustomArrayServiceImpl - Empty array exception
2022-02-27 18:38:16.375 [main] INFO  by.mishastoma.customarray.service.impl.CustomArrayServiceImpl - Minimum element: OptionalInt[-11]
2022-02-27 18:38:16.376 [main] INFO  by.mishastoma.customarray.service.impl.CustomArrayServiceImpl - Minimum element: OptionalInt[1]
2022-02-27 18:38:16.378 [main] INFO  by.mishastoma.customarray.service.impl.CustomArrayServiceImpl - Minimum element: OptionalInt[0]
2022-02-27 18:51:19.390 [main] ERROR by.mishastoma.customarray.reader.impl.FileReaderImpl - File data.txt not found
